::1 - - [26/Sep/2019:09:42:10 +0200] "GET / HTTP/1.1" 404 4354 "-" "Mozilla/5.0 (X11; Ubuntu; Linux x86_64; rv:70.0) Gecko/20100101 Firefox/70.0"
::1 - - [26/Sep/2019:09:42:10 +0200] "GET /favicon.ico HTTP/1.1" 404 24936 "-" "Mozilla/5.0 (X11; Ubuntu; Linux x86_64; rv:70.0) Gecko/20100101 Firefox/70.0"
::1 - - [26/Sep/2019:10:11:15 +0200] "GET /user HTTP/1.1" 404 24916 "-" "Mozilla/5.0 (X11; Ubuntu; Linux x86_64; rv:70.0) Gecko/20100101 Firefox/70.0"
::1 - - [26/Sep/2019:10:11:16 +0200] "GET /favicon.ico HTTP/1.1" 404 24931 "-" "Mozilla/5.0 (X11; Ubuntu; Linux x86_64; rv:70.0) Gecko/20100101 Firefox/70.0"
::1 - - [26/Sep/2019:10:11:46 +0200] "GET /favicon.ico HTTP/1.1" 404 21888 "-" "Mozilla/5.0 (X11; Ubuntu; Linux x86_64; rv:70.0) Gecko/20100101 Firefox/70.0"
::1 - - [26/Sep/2019:10:12:46 +0200] "GET / HTTP/1.1" 404 4354 "-" "Mozilla/5.0 (X11; Ubuntu; Linux x86_64; rv:70.0) Gecko/20100101 Firefox/70.0"
::1 - - [26/Sep/2019:10:12:52 +0200] "GET /user HTTP/1.1" 404 24916 "-" "Mozilla/5.0 (X11; Ubuntu; Linux x86_64; rv:70.0) Gecko/20100101 Firefox/70.0"
::1 - - [26/Sep/2019:10:23:51 +0200] "GET /user HTTP/1.1" 200 291 "-" "Mozilla/5.0 (X11; Ubuntu; Linux x86_64; rv:70.0) Gecko/20100101 Firefox/70.0"
::1 - - [26/Sep/2019:10:23:51 +0200] "GET /favicon.ico HTTP/1.1" 404 22400 "-" "Mozilla/5.0 (X11; Ubuntu; Linux x86_64; rv:70.0) Gecko/20100101 Firefox/70.0"
::1 - - [26/Sep/2019:10:26:04 +0200] "GET /user HTTP/1.1" 404 24916 "-" "Mozilla/5.0 (X11; Ubuntu; Linux x86_64; rv:70.0) Gecko/20100101 Firefox/70.0"
::1 - - [26/Sep/2019:10:26:11 +0200] "GET /user HTTP/1.1" 404 24916 "-" "Mozilla/5.0 (X11; Ubuntu; Linux x86_64; rv:70.0) Gecko/20100101 Firefox/70.0"
::1 - - [26/Sep/2019:10:26:28 +0200] "GET /user HTTP/1.1" 301 614 "-" "Mozilla/5.0 (X11; Ubuntu; Linux x86_64; rv:70.0) Gecko/20100101 Firefox/70.0"
::1 - - [26/Sep/2019:10:26:29 +0200] "GET /user/ HTTP/1.1" 200 290 "-" "Mozilla/5.0 (X11; Ubuntu; Linux x86_64; rv:70.0) Gecko/20100101 Firefox/70.0"
::1 - - [26/Sep/2019:10:27:20 +0200] "GET /user/ HTTP/1.1" 404 24915 "-" "Mozilla/5.0 (X11; Ubuntu; Linux x86_64; rv:70.0) Gecko/20100101 Firefox/70.0"
::1 - - [26/Sep/2019:10:27:21 +0200] "GET /user/ HTTP/1.1" 404 24914 "-" "Mozilla/5.0 (X11; Ubuntu; Linux x86_64; rv:70.0) Gecko/20100101 Firefox/70.0"
::1 - - [26/Sep/2019:10:27:21 +0200] "GET /user/ HTTP/1.1" 404 24914 "-" "Mozilla/5.0 (X11; Ubuntu; Linux x86_64; rv:70.0) Gecko/20100101 Firefox/70.0"
::1 - - [26/Sep/2019:12:20:15 +0200] "GET /user/ HTTP/1.1" 200 292 "-" "Mozilla/5.0 (X11; Ubuntu; Linux x86_64; rv:70.0) Gecko/20100101 Firefox/70.0"
::1 - - [26/Sep/2019:12:20:15 +0200] "GET /favicon.ico HTTP/1.1" 404 22400 "-" "Mozilla/5.0 (X11; Ubuntu; Linux x86_64; rv:70.0) Gecko/20100101 Firefox/70.0"
::1 - - [26/Sep/2019:12:26:33 +0200] "GET /user/ HTTP/1.1" 200 292 "-" "Mozilla/5.0 (X11; Ubuntu; Linux x86_64; rv:70.0) Gecko/20100101 Firefox/70.0"
::1 - - [26/Sep/2019:12:26:52 +0200] "POST /user/ HTTP/1.1" 200 292 "-" "Mozilla/5.0 (X11; Ubuntu; Linux x86_64; rv:70.0) Gecko/20100101 Firefox/70.0"
::1 - - [26/Sep/2019:12:27:11 +0200] "POST /user/ HTTP/1.1" 200 292 "-" "Mozilla/5.0 (X11; Ubuntu; Linux x86_64; rv:70.0) Gecko/20100101 Firefox/70.0"
::1 - - [26/Sep/2019:12:27:31 +0200] "POST /user/ HTTP/1.1" 200 292 "-" "Mozilla/5.0 (X11; Ubuntu; Linux x86_64; rv:70.0) Gecko/20100101 Firefox/70.0"
::1 - - [26/Sep/2019:13:13:31 +0200] "GET /user/ HTTP/1.1" 500 46619 "-" "Mozilla/5.0 (X11; Ubuntu; Linux x86_64; rv:70.0) Gecko/20100101 Firefox/70.0"
::1 - - [26/Sep/2019:13:13:31 +0200] "GET /favicon.ico HTTP/1.1" 500 21888 "-" "Mozilla/5.0 (X11; Ubuntu; Linux x86_64; rv:70.0) Gecko/20100101 Firefox/70.0"
::1 - - [26/Sep/2019:18:29:24 +0200] "GET /user/ HTTP/1.1" 500 46619 "-" "Mozilla/5.0 (X11; Ubuntu; Linux x86_64; rv:70.0) Gecko/20100101 Firefox/70.0"
::1 - - [26/Sep/2019:18:29:24 +0200] "GET /favicon.ico HTTP/1.1" 500 21888 "-" "Mozilla/5.0 (X11; Ubuntu; Linux x86_64; rv:70.0) Gecko/20100101 Firefox/70.0"
::1 - - [26/Sep/2019:18:31:19 +0200] "GET /user/ HTTP/1.1" 200 292 "-" "Mozilla/5.0 (X11; Ubuntu; Linux x86_64; rv:70.0) Gecko/20100101 Firefox/70.0"
::1 - - [26/Sep/2019:18:31:46 +0200] "GET /user/add HTTP/1.1" 200 290 "-" "Mozilla/5.0 (X11; Ubuntu; Linux x86_64; rv:70.0) Gecko/20100101 Firefox/70.0"
::1 - - [26/Sep/2019:18:35:32 +0200] "GET /user/add HTTP/1.1" 200 290 "-" "Mozilla/5.0 (X11; Ubuntu; Linux x86_64; rv:70.0) Gecko/20100101 Firefox/70.0"
::1 - - [26/Sep/2019:18:38:49 +0200] "GET /user/add HTTP/1.1" 200 290 "-" "Mozilla/5.0 (X11; Ubuntu; Linux x86_64; rv:70.0) Gecko/20100101 Firefox/70.0"
::1 - - [26/Sep/2019:18:39:19 +0200] "GET /user/add HTTP/1.1" 200 290 "-" "Mozilla/5.0 (X11; Ubuntu; Linux x86_64; rv:70.0) Gecko/20100101 Firefox/70.0"
::1 - - [26/Sep/2019:19:37:02 +0200] "GET / HTTP/1.1" 404 4354 "-" "Mozilla/5.0 (X11; Ubuntu; Linux x86_64; rv:70.0) Gecko/20100101 Firefox/70.0"
::1 - - [26/Sep/2019:19:37:07 +0200] "GET /user/ HTTP/1.1" 200 291 "-" "Mozilla/5.0 (X11; Ubuntu; Linux x86_64; rv:70.0) Gecko/20100101 Firefox/70.0"
::1 - - [26/Sep/2019:19:37:14 +0200] "GET /user/add HTTP/1.1" 200 290 "-" "Mozilla/5.0 (X11; Ubuntu; Linux x86_64; rv:70.0) Gecko/20100101 Firefox/70.0"
::1 - - [26/Sep/2019:19:41:28 +0200] "GET /user/add HTTP/1.1" 200 290 "-" "Mozilla/5.0 (X11; Ubuntu; Linux x86_64; rv:70.0) Gecko/20100101 Firefox/70.0"
::1 - - [26/Sep/2019:19:42:35 +0200] "GET /user/add HTTP/1.1" 200 290 "-" "Mozilla/5.0 (X11; Ubuntu; Linux x86_64; rv:70.0) Gecko/20100101 Firefox/70.0"
::1 - - [26/Sep/2019:19:48:58 +0200] "GET /user/add HTTP/1.1" 200 290 "-" "Mozilla/5.0 (X11; Ubuntu; Linux x86_64; rv:70.0) Gecko/20100101 Firefox/70.0"
::1 - - [26/Sep/2019:19:57:10 +0200] "GET /user/add HTTP/1.1" 500 14987 "-" "Mozilla/5.0 (X11; Ubuntu; Linux x86_64; rv:70.0) Gecko/20100101 Firefox/70.0"
::1 - - [26/Sep/2019:19:57:56 +0200] "GET /user/add HTTP/1.1" 200 265 "-" "Mozilla/5.0 (X11; Ubuntu; Linux x86_64; rv:70.0) Gecko/20100101 Firefox/70.0"
::1 - - [26/Sep/2019:19:58:22 +0200] "GET /user/add HTTP/1.1" 200 265 "-" "Mozilla/5.0 (X11; Ubuntu; Linux x86_64; rv:70.0) Gecko/20100101 Firefox/70.0"
::1 - - [26/Sep/2019:19:59:55 +0200] "PUT /user/add HTTP/1.1" 200 265 "-" "Mozilla/5.0 (X11; Ubuntu; Linux x86_64; rv:70.0) Gecko/20100101 Firefox/70.0"
::1 - - [26/Sep/2019:20:00:44 +0200] "PUT /user/add HTTP/1.1" 200 265 "-" "Mozilla/5.0 (X11; Ubuntu; Linux x86_64; rv:70.0) Gecko/20100101 Firefox/70.0"
::1 - - [26/Sep/2019:20:04:22 +0200] "PUT /user/add HTTP/1.1" 500 17731 "-" "Mozilla/5.0 (X11; Ubuntu; Linux x86_64; rv:70.0) Gecko/20100101 Firefox/70.0"
::1 - - [26/Sep/2019:20:05:20 +0200] "GET /user/add HTTP/1.1" 500 17731 "-" "Mozilla/5.0 (X11; Ubuntu; Linux x86_64; rv:70.0) Gecko/20100101 Firefox/70.0"
::1 - - [26/Sep/2019:20:05:28 +0200] "PUT /user/add HTTP/1.1" 500 17731 "-" "Mozilla/5.0 (X11; Ubuntu; Linux x86_64; rv:70.0) Gecko/20100101 Firefox/70.0"
::1 - - [26/Sep/2019:20:17:04 +0200] "PUT /user/add HTTP/1.1" 500 17731 "-" "Mozilla/5.0 (X11; Ubuntu; Linux x86_64; rv:70.0) Gecko/20100101 Firefox/70.0"
::1 - - [26/Sep/2019:20:17:07 +0200] "PUT /user/add HTTP/1.1" 500 17731 "-" "Mozilla/5.0 (X11; Ubuntu; Linux x86_64; rv:70.0) Gecko/20100101 Firefox/70.0"
::1 - - [26/Sep/2019:20:17:37 +0200] "PUT /user/add HTTP/1.1" 500 17731 "-" "Mozilla/5.0 (X11; Ubuntu; Linux x86_64; rv:70.0) Gecko/20100101 Firefox/70.0"
::1 - - [26/Sep/2019:20:19:07 +0200] "PUT /user/add HTTP/1.1" 200 352 "-" "Mozilla/5.0 (X11; Ubuntu; Linux x86_64; rv:70.0) Gecko/20100101 Firefox/70.0"
::1 - - [26/Sep/2019:20:21:01 +0200] "PUT /user/add HTTP/1.1" 500 14939 "-" "Mozilla/5.0 (X11; Ubuntu; Linux x86_64; rv:70.0) Gecko/20100101 Firefox/70.0"
::1 - - [26/Sep/2019:20:21:14 +0200] "GET /user/add HTTP/1.1" 500 14939 "-" "Mozilla/5.0 (X11; Ubuntu; Linux x86_64; rv:70.0) Gecko/20100101 Firefox/70.0"
::1 - - [26/Sep/2019:20:21:40 +0200] "GET /user/add HTTP/1.1" 500 15969 "-" "Mozilla/5.0 (X11; Ubuntu; Linux x86_64; rv:70.0) Gecko/20100101 Firefox/70.0"
::1 - - [26/Sep/2019:20:22:05 +0200] "GET /user/add HTTP/1.1" 500 15969 "-" "Mozilla/5.0 (X11; Ubuntu; Linux x86_64; rv:70.0) Gecko/20100101 Firefox/70.0"
::1 - - [26/Sep/2019:20:22:29 +0200] "GET /user/add HTTP/1.1" 500 15969 "-" "Mozilla/5.0 (X11; Ubuntu; Linux x86_64; rv:70.0) Gecko/20100101 Firefox/70.0"
::1 - - [26/Sep/2019:20:22:51 +0200] "GET /user/add HTTP/1.1" 500 15969 "-" "Mozilla/5.0 (X11; Ubuntu; Linux x86_64; rv:70.0) Gecko/20100101 Firefox/70.0"
::1 - - [26/Sep/2019:20:23:37 +0200] "GET /user/add HTTP/1.1" 500 15969 "-" "Mozilla/5.0 (X11; Ubuntu; Linux x86_64; rv:70.0) Gecko/20100101 Firefox/70.0"
::1 - - [26/Sep/2019:20:23:37 +0200] "GET /user/add HTTP/1.1" 500 15969 "-" "Mozilla/5.0 (X11; Ubuntu; Linux x86_64; rv:70.0) Gecko/20100101 Firefox/70.0"
::1 - - [26/Sep/2019:20:23:37 +0200] "GET /user/add HTTP/1.1" 500 15969 "-" "Mozilla/5.0 (X11; Ubuntu; Linux x86_64; rv:70.0) Gecko/20100101 Firefox/70.0"
::1 - - [26/Sep/2019:20:23:37 +0200] "GET /user/add HTTP/1.1" 500 15969 "-" "Mozilla/5.0 (X11; Ubuntu; Linux x86_64; rv:70.0) Gecko/20100101 Firefox/70.0"
::1 - - [26/Sep/2019:20:24:42 +0200] "GET /user/add HTTP/1.1" 500 15969 "-" "Mozilla/5.0 (X11; Ubuntu; Linux x86_64; rv:70.0) Gecko/20100101 Firefox/70.0"
::1 - - [26/Sep/2019:20:27:24 +0200] "GET /user/add HTTP/1.1" 500 15969 "-" "Mozilla/5.0 (X11; Ubuntu; Linux x86_64; rv:70.0) Gecko/20100101 Firefox/70.0"
::1 - - [26/Sep/2019:20:27:25 +0200] "GET /user/add HTTP/1.1" 500 15969 "-" "Mozilla/5.0 (X11; Ubuntu; Linux x86_64; rv:70.0) Gecko/20100101 Firefox/70.0"
::1 - - [26/Sep/2019:20:27:49 +0200] "GET /user/add HTTP/1.1" 500 15969 "-" "Mozilla/5.0 (X11; Ubuntu; Linux x86_64; rv:70.0) Gecko/20100101 Firefox/70.0"
::1 - - [26/Sep/2019:20:31:13 +0200] "GET /user/add HTTP/1.1" 200 352 "-" "Mozilla/5.0 (X11; Ubuntu; Linux x86_64; rv:70.0) Gecko/20100101 Firefox/70.0"
::1 - - [26/Sep/2019:20:33:26 +0200] "GET /user/add HTTP/1.1" 200 352 "-" "Mozilla/5.0 (X11; Ubuntu; Linux x86_64; rv:70.0) Gecko/20100101 Firefox/70.0"
::1 - - [26/Sep/2019:20:33:38 +0200] "PUT /user/add HTTP/1.1" 200 352 "-" "Mozilla/5.0 (X11; Ubuntu; Linux x86_64; rv:70.0) Gecko/20100101 Firefox/70.0"
::1 - - [26/Sep/2019:20:33:48 +0200] "PUT /user/add HTTP/1.1" 200 352 "-" "Mozilla/5.0 (X11; Ubuntu; Linux x86_64; rv:70.0) Gecko/20100101 Firefox/70.0"
::1 - - [26/Sep/2019:20:37:34 +0200] "GET /user/add HTTP/1.1" 200 264 "-" "Mozilla/5.0 (X11; Ubuntu; Linux x86_64; rv:70.0) Gecko/20100101 Firefox/70.0"
::1 - - [26/Sep/2019:20:40:52 +0200] "GET /user/add HTTP/1.1" 500 14821 "-" "Mozilla/5.0 (X11; Ubuntu; Linux x86_64; rv:70.0) Gecko/20100101 Firefox/70.0"
::1 - - [26/Sep/2019:20:41:54 +0200] "GET /user/add HTTP/1.1" 500 14825 "-" "Mozilla/5.0 (X11; Ubuntu; Linux x86_64; rv:70.0) Gecko/20100101 Firefox/70.0"
::1 - - [26/Sep/2019:20:42:44 +0200] "GET /user/add HTTP/1.1" 200 1618 "-" "Mozilla/5.0 (X11; Ubuntu; Linux x86_64; rv:70.0) Gecko/20100101 Firefox/70.0"
::1 - - [26/Sep/2019:20:43:16 +0200] "GET /user/add HTTP/1.1" 200 725 "-" "Mozilla/5.0 (X11; Ubuntu; Linux x86_64; rv:70.0) Gecko/20100101 Firefox/70.0"
::1 - - [26/Sep/2019:20:44:10 +0200] "GET /user/add HTTP/1.1" 200 1398 "-" "Mozilla/5.0 (X11; Ubuntu; Linux x86_64; rv:70.0) Gecko/20100101 Firefox/70.0"
::1 - - [26/Sep/2019:20:44:58 +0200] "GET /user/add HTTP/1.1" 200 1411 "-" "Mozilla/5.0 (X11; Ubuntu; Linux x86_64; rv:70.0) Gecko/20100101 Firefox/70.0"
::1 - - [26/Sep/2019:20:45:08 +0200] "PUT /user/add HTTP/1.1" 200 1411 "-" "Mozilla/5.0 (X11; Ubuntu; Linux x86_64; rv:70.0) Gecko/20100101 Firefox/70.0"
::1 - - [26/Sep/2019:20:46:19 +0200] "PUT /user/add HTTP/1.1" 200 1411 "-" "Mozilla/5.0 (X11; Ubuntu; Linux x86_64; rv:70.0) Gecko/20100101 Firefox/70.0"
::1 - - [26/Sep/2019:20:46:29 +0200] "POST /user/add HTTP/1.1" 200 1411 "-" "Mozilla/5.0 (X11; Ubuntu; Linux x86_64; rv:70.0) Gecko/20100101 Firefox/70.0"
::1 - - [26/Sep/2019:20:46:44 +0200] "POST /user/add HTTP/1.1" 200 1411 "-" "Mozilla/5.0 (X11; Ubuntu; Linux x86_64; rv:70.0) Gecko/20100101 Firefox/70.0"
::1 - - [26/Sep/2019:20:47:18 +0200] "POST /user/add HTTP/1.1" 200 1411 "-" "Mozilla/5.0 (X11; Ubuntu; Linux x86_64; rv:70.0) Gecko/20100101 Firefox/70.0"
::1 - - [26/Sep/2019:20:50:12 +0200] "POST /user/add HTTP/1.1" 200 1411 "-" "Mozilla/5.0 (X11; Ubuntu; Linux x86_64; rv:70.0) Gecko/20100101 Firefox/70.0"
::1 - - [26/Sep/2019:20:51:01 +0200] "PUT /user/add HTTP/1.1" 200 1411 "-" "Mozilla/5.0 (X11; Ubuntu; Linux x86_64; rv:70.0) Gecko/20100101 Firefox/70.0"
::1 - - [26/Sep/2019:20:51:49 +0200] "GET /user/add HTTP/1.1" 200 1445 "-" "Mozilla/5.0 (X11; Ubuntu; Linux x86_64; rv:70.0) Gecko/20100101 Firefox/70.0"
::1 - - [26/Sep/2019:20:52:00 +0200] "PUT /user/add HTTP/1.1" 200 1445 "-" "Mozilla/5.0 (X11; Ubuntu; Linux x86_64; rv:70.0) Gecko/20100101 Firefox/70.0"
::1 - - [26/Sep/2019:20:52:05 +0200] "PUT /user/add HTTP/1.1" 200 1444 "-" "Mozilla/5.0 (X11; Ubuntu; Linux x86_64; rv:70.0) Gecko/20100101 Firefox/70.0"
::1 - - [26/Sep/2019:20:52:07 +0200] "PUT /user/add HTTP/1.1" 200 1444 "-" "Mozilla/5.0 (X11; Ubuntu; Linux x86_64; rv:70.0) Gecko/20100101 Firefox/70.0"
::1 - - [26/Sep/2019:20:52:09 +0200] "PUT /user/add HTTP/1.1" 200 1444 "-" "Mozilla/5.0 (X11; Ubuntu; Linux x86_64; rv:70.0) Gecko/20100101 Firefox/70.0"
::1 - - [26/Sep/2019:20:53:37 +0200] "GET /user/add HTTP/1.1" 200 1445 "-" "Mozilla/5.0 (X11; Ubuntu; Linux x86_64; rv:70.0) Gecko/20100101 Firefox/70.0"
::1 - - [26/Sep/2019:20:53:53 +0200] "GET /user/add?email=paul.piotr%40gmail.com&password=has%C5%82o HTTP/1.1" 200 1445 "-" "Mozilla/5.0 (X11; Ubuntu; Linux x86_64; rv:70.0) Gecko/20100101 Firefox/70.0"
::1 - - [26/Sep/2019:20:53:56 +0200] "GET /user/add?email=paul.piotr%40gmail.com&password=has%C5%82o HTTP/1.1" 200 1444 "-" "Mozilla/5.0 (X11; Ubuntu; Linux x86_64; rv:70.0) Gecko/20100101 Firefox/70.0"
::1 - - [26/Sep/2019:20:53:57 +0200] "GET /user/add?email=paul.piotr%40gmail.com&password=has%C5%82o HTTP/1.1" 200 1444 "-" "Mozilla/5.0 (X11; Ubuntu; Linux x86_64; rv:70.0) Gecko/20100101 Firefox/70.0"
::1 - - [26/Sep/2019:20:53:57 +0200] "GET /user/add?email=paul.piotr%40gmail.com&password=has%C5%82o HTTP/1.1" 200 1444 "-" "Mozilla/5.0 (X11; Ubuntu; Linux x86_64; rv:70.0) Gecko/20100101 Firefox/70.0"
::1 - - [26/Sep/2019:20:54:42 +0200] "GET /user/add?email=paul.piotr%40gmail.com&password=has%C5%82o HTTP/1.1" 500 14689 "-" "Mozilla/5.0 (X11; Ubuntu; Linux x86_64; rv:70.0) Gecko/20100101 Firefox/70.0"
::1 - - [26/Sep/2019:20:56:51 +0200] "GET /user/add?email=paul.piotr%40gmail.com&password=has%C5%82o HTTP/1.1" 500 14765 "-" "Mozilla/5.0 (X11; Ubuntu; Linux x86_64; rv:70.0) Gecko/20100101 Firefox/70.0"
::1 - - [26/Sep/2019:20:56:52 +0200] "GET /user/add?email=paul.piotr%40gmail.com&password=has%C5%82o HTTP/1.1" 500 14765 "-" "Mozilla/5.0 (X11; Ubuntu; Linux x86_64; rv:70.0) Gecko/20100101 Firefox/70.0"
::1 - - [26/Sep/2019:20:56:52 +0200] "GET /user/add?email=paul.piotr%40gmail.com&password=has%C5%82o HTTP/1.1" 500 14765 "-" "Mozilla/5.0 (X11; Ubuntu; Linux x86_64; rv:70.0) Gecko/20100101 Firefox/70.0"
::1 - - [26/Sep/2019:20:56:53 +0200] "GET /user/add?email=paul.piotr%40gmail.com&password=has%C5%82o HTTP/1.1" 500 14765 "-" "Mozilla/5.0 (X11; Ubuntu; Linux x86_64; rv:70.0) Gecko/20100101 Firefox/70.0"
::1 - - [26/Sep/2019:20:56:53 +0200] "GET /user/add?email=paul.piotr%40gmail.com&password=has%C5%82o HTTP/1.1" 500 14765 "-" "Mozilla/5.0 (X11; Ubuntu; Linux x86_64; rv:70.0) Gecko/20100101 Firefox/70.0"
::1 - - [26/Sep/2019:20:57:04 +0200] "GET /user/add?email=paul.piotr%40gmail.com&password=has%C5%82o HTTP/1.1" 500 14998 "-" "Mozilla/5.0 (X11; Ubuntu; Linux x86_64; rv:70.0) Gecko/20100101 Firefox/70.0"
::1 - - [26/Sep/2019:20:57:12 +0200] "PUT /user/add HTTP/1.1" 500 14998 "-" "Mozilla/5.0 (X11; Ubuntu; Linux x86_64; rv:70.0) Gecko/20100101 Firefox/70.0"
::1 - - [26/Sep/2019:20:57:58 +0200] "GET /user/add?email=paul.piotr%40gmail.com&password=has%C5%82o HTTP/1.1" 200 1412 "-" "Mozilla/5.0 (X11; Ubuntu; Linux x86_64; rv:70.0) Gecko/20100101 Firefox/70.0"
::1 - - [26/Sep/2019:20:58:13 +0200] "PUT /user/add HTTP/1.1" 200 1412 "-" "Mozilla/5.0 (X11; Ubuntu; Linux x86_64; rv:70.0) Gecko/20100101 Firefox/70.0"
::1 - - [26/Sep/2019:20:59:14 +0200] "POST /user/add HTTP/1.1" 200 1412 "-" "Mozilla/5.0 (X11; Ubuntu; Linux x86_64; rv:70.0) Gecko/20100101 Firefox/70.0"
::1 - - [26/Sep/2019:20:59:18 +0200] "POST /user/add HTTP/1.1" 200 1411 "-" "Mozilla/5.0 (X11; Ubuntu; Linux x86_64; rv:70.0) Gecko/20100101 Firefox/70.0"
::1 - - [26/Sep/2019:20:59:40 +0200] "POST /user/add HTTP/1.1" 200 1414 "-" "Mozilla/5.0 (X11; Ubuntu; Linux x86_64; rv:70.0) Gecko/20100101 Firefox/70.0"
::1 - - [26/Sep/2019:21:01:55 +0200] "GET /user/add?email=paul.piotr%40gmail.com&password=has%C5%82o HTTP/1.1" 200 1445 "-" "Mozilla/5.0 (X11; Ubuntu; Linux x86_64; rv:70.0) Gecko/20100101 Firefox/70.0"
::1 - - [26/Sep/2019:21:01:59 +0200] "GET /user/add?email=paul.piotr%40gmail.com&password=has%C5%82o HTTP/1.1" 200 1444 "-" "Mozilla/5.0 (X11; Ubuntu; Linux x86_64; rv:70.0) Gecko/20100101 Firefox/70.0"
::1 - - [26/Sep/2019:21:02:03 +0200] "POST /user/add HTTP/1.1" 200 1444 "-" "Mozilla/5.0 (X11; Ubuntu; Linux x86_64; rv:70.0) Gecko/20100101 Firefox/70.0"
::1 - - [26/Sep/2019:21:03:16 +0200] "GET /user/add?email=paul.piotr%40gmail.com&password=has%C5%82o HTTP/1.1" 200 1445 "-" "Mozilla/5.0 (X11; Ubuntu; Linux x86_64; rv:70.0) Gecko/20100101 Firefox/70.0"
::1 - - [26/Sep/2019:21:03:17 +0200] "GET /user/add?email=paul.piotr%40gmail.com&password=has%C5%82o HTTP/1.1" 200 1444 "-" "Mozilla/5.0 (X11; Ubuntu; Linux x86_64; rv:70.0) Gecko/20100101 Firefox/70.0"
::1 - - [26/Sep/2019:21:03:18 +0200] "GET /user/add?email=paul.piotr%40gmail.com&password=has%C5%82o HTTP/1.1" 200 1444 "-" "Mozilla/5.0 (X11; Ubuntu; Linux x86_64; rv:70.0) Gecko/20100101 Firefox/70.0"
::1 - - [26/Sep/2019:21:03:19 +0200] "GET /user/add?email=paul.piotr%40gmail.com&password=has%C5%82o HTTP/1.1" 200 1444 "-" "Mozilla/5.0 (X11; Ubuntu; Linux x86_64; rv:70.0) Gecko/20100101 Firefox/70.0"
::1 - - [26/Sep/2019:21:03:24 +0200] "POST /user/add HTTP/1.1" 200 1445 "-" "Mozilla/5.0 (X11; Ubuntu; Linux x86_64; rv:70.0) Gecko/20100101 Firefox/70.0"
::1 - - [26/Sep/2019:21:04:01 +0200] "POST /user/add HTTP/1.1" 200 1455 "-" "Mozilla/5.0 (X11; Ubuntu; Linux x86_64; rv:70.0) Gecko/20100101 Firefox/70.0"
::1 - - [26/Sep/2019:21:21:01 +0200] "GET /user/add?email=paul.piotr%40gmail.com&password=has%C5%82o HTTP/1.1" 200 1455 "-" "Mozilla/5.0 (X11; Ubuntu; Linux x86_64; rv:70.0) Gecko/20100101 Firefox/70.0"
::1 - - [26/Sep/2019:21:21:22 +0200] "POST /user/add HTTP/1.1" 200 1455 "-" "Mozilla/5.0 (X11; Ubuntu; Linux x86_64; rv:70.0) Gecko/20100101 Firefox/70.0"
::1 - - [26/Sep/2019:21:21:43 +0200] "GET /user/add?email=paul.piotr%40gmail.com&password=has%C5%82o HTTP/1.1" 200 1455 "-" "Mozilla/5.0 (X11; Ubuntu; Linux x86_64; rv:70.0) Gecko/20100101 Firefox/70.0"
::1 - - [26/Sep/2019:21:34:53 +0200] "POST /user/add HTTP/1.1" 200 1455 "-" "Mozilla/5.0 (X11; Ubuntu; Linux x86_64; rv:70.0) Gecko/20100101 Firefox/70.0"
::1 - - [26/Sep/2019:21:35:03 +0200] "POST /user/add HTTP/1.1" 200 1455 "-" "Mozilla/5.0 (X11; Ubuntu; Linux x86_64; rv:70.0) Gecko/20100101 Firefox/70.0"
::1 - - [26/Sep/2019:21:35:33 +0200] "POST /user/add HTTP/1.1" 200 1455 "-" "Mozilla/5.0 (X11; Ubuntu; Linux x86_64; rv:70.0) Gecko/20100101 Firefox/70.0"
::1 - - [26/Sep/2019:21:35:58 +0200] "POST /user/add HTTP/1.1" 200 1455 "-" "Mozilla/5.0 (X11; Ubuntu; Linux x86_64; rv:70.0) Gecko/20100101 Firefox/70.0"
::1 - - [26/Sep/2019:21:37:44 +0200] "GET /user/add?email=paul.piotr%40gmail.com&password=has%C5%82o HTTP/1.1" 200 1455 "-" "Mozilla/5.0 (X11; Ubuntu; Linux x86_64; rv:70.0) Gecko/20100101 Firefox/70.0"
::1 - - [26/Sep/2019:21:37:47 +0200] "GET /user/add?email=paul.piotr%40gmail.com&password=has%C5%82o HTTP/1.1" 200 1454 "-" "Mozilla/5.0 (X11; Ubuntu; Linux x86_64; rv:70.0) Gecko/20100101 Firefox/70.0"
::1 - - [26/Sep/2019:21:37:51 +0200] "GET /user/add?email=paul.piotr%40gmail.comaa&password=has%C5%82o HTTP/1.1" 200 1454 "-" "Mozilla/5.0 (X11; Ubuntu; Linux x86_64; rv:70.0) Gecko/20100101 Firefox/70.0"
::1 - - [26/Sep/2019:21:38:23 +0200] "POST /user/add HTTP/1.1" 200 1455 "-" "Mozilla/5.0 (X11; Ubuntu; Linux x86_64; rv:70.0) Gecko/20100101 Firefox/70.0"
::1 - - [26/Sep/2019:21:38:24 +0200] "POST /user/add HTTP/1.1" 200 1454 "-" "Mozilla/5.0 (X11; Ubuntu; Linux x86_64; rv:70.0) Gecko/20100101 Firefox/70.0"
::1 - - [26/Sep/2019:21:38:34 +0200] "POST /user/add HTTP/1.1" 200 1455 "-" "Mozilla/5.0 (X11; Ubuntu; Linux x86_64; rv:70.0) Gecko/20100101 Firefox/70.0"
::1 - - [26/Sep/2019:21:39:03 +0200] "POST /user/add HTTP/1.1" 500 15674 "-" "Mozilla/5.0 (X11; Ubuntu; Linux x86_64; rv:70.0) Gecko/20100101 Firefox/70.0"
::1 - - [26/Sep/2019:21:39:16 +0200] "GET /user/add HTTP/1.1" 200 1455 "-" "Mozilla/5.0 (X11; Ubuntu; Linux x86_64; rv:70.0) Gecko/20100101 Firefox/70.0"
::1 - - [26/Sep/2019:21:39:24 +0200] "PUT /user/add HTTP/1.1" 200 1455 "-" "Mozilla/5.0 (X11; Ubuntu; Linux x86_64; rv:70.0) Gecko/20100101 Firefox/70.0"
::1 - - [26/Sep/2019:21:40:09 +0200] "PUT /user/add HTTP/1.1" 200 1455 "-" "Mozilla/5.0 (X11; Ubuntu; Linux x86_64; rv:70.0) Gecko/20100101 Firefox/70.0"
::1 - - [26/Sep/2019:21:40:16 +0200] "PUT /user/add HTTP/1.1" 200 1455 "-" "Mozilla/5.0 (X11; Ubuntu; Linux x86_64; rv:70.0) Gecko/20100101 Firefox/70.0"
::1 - - [26/Sep/2019:21:40:28 +0200] "PUT /user/add HTTP/1.1" 200 1455 "-" "Mozilla/5.0 (X11; Ubuntu; Linux x86_64; rv:70.0) Gecko/20100101 Firefox/70.0"
::1 - - [26/Sep/2019:21:56:32 +0200] "PUT /user/add HTTP/1.1" 200 1455 "-" "Mozilla/5.0 (X11; Ubuntu; Linux x86_64; rv:70.0) Gecko/20100101 Firefox/70.0"
::1 - - [26/Sep/2019:21:57:30 +0200] "PUT /user/add HTTP/1.1" 200 1455 "-" "Mozilla/5.0 (X11; Ubuntu; Linux x86_64; rv:70.0) Gecko/20100101 Firefox/70.0"
::1 - - [26/Sep/2019:21:58:13 +0200] "PUT /user/add HTTP/1.1" 200 1458 "-" "Mozilla/5.0 (X11; Ubuntu; Linux x86_64; rv:70.0) Gecko/20100101 Firefox/70.0"
::1 - - [26/Sep/2019:21:58:54 +0200] "PUT /user/add HTTP/1.1" 200 1458 "-" "Mozilla/5.0 (X11; Ubuntu; Linux x86_64; rv:70.0) Gecko/20100101 Firefox/70.0"
::1 - - [26/Sep/2019:21:58:56 +0200] "PUT /user/add HTTP/1.1" 200 1457 "-" "Mozilla/5.0 (X11; Ubuntu; Linux x86_64; rv:70.0) Gecko/20100101 Firefox/70.0"
::1 - - [26/Sep/2019:21:59:05 +0200] "PUT /user/add HTTP/1.1" 200 1458 "-" "Mozilla/5.0 (X11; Ubuntu; Linux x86_64; rv:70.0) Gecko/20100101 Firefox/70.0"
::1 - - [26/Sep/2019:21:59:12 +0200] "PUT /user/add HTTP/1.1" 200 1458 "-" "Mozilla/5.0 (X11; Ubuntu; Linux x86_64; rv:70.0) Gecko/20100101 Firefox/70.0"
::1 - - [26/Sep/2019:21:59:20 +0200] "PUT /user/add HTTP/1.1" 200 1458 "-" "Mozilla/5.0 (X11; Ubuntu; Linux x86_64; rv:70.0) Gecko/20100101 Firefox/70.0"
::1 - - [26/Sep/2019:21:59:52 +0200] "PUT /user/add HTTP/1.1" 200 1458 "-" "Mozilla/5.0 (X11; Ubuntu; Linux x86_64; rv:70.0) Gecko/20100101 Firefox/70.0"
::1 - - [26/Sep/2019:21:59:59 +0200] "PUT /user/add HTTP/1.1" 200 1458 "-" "Mozilla/5.0 (X11; Ubuntu; Linux x86_64; rv:70.0) Gecko/20100101 Firefox/70.0"
::1 - - [26/Sep/2019:22:00:09 +0200] "PUT /user/add HTTP/1.1" 200 1458 "-" "Mozilla/5.0 (X11; Ubuntu; Linux x86_64; rv:70.0) Gecko/20100101 Firefox/70.0"
::1 - - [26/Sep/2019:22:00:24 +0200] "PUT /user/add HTTP/1.1" 200 1458 "-" "Mozilla/5.0 (X11; Ubuntu; Linux x86_64; rv:70.0) Gecko/20100101 Firefox/70.0"
::1 - - [26/Sep/2019:22:01:48 +0200] "GET /user/add?email=paul.piotr%40gmail.comaa&password=has%C5%82o HTTP/1.1" 200 1458 "-" "Mozilla/5.0 (X11; Ubuntu; Linux x86_64; rv:70.0) Gecko/20100101 Firefox/70.0"
::1 - - [26/Sep/2019:22:02:17 +0200] "GET /user/add?email=paul.piotr%40gmail.comaa&password=has%C5%82o HTTP/1.1" 200 1458 "-" "Mozilla/5.0 (X11; Ubuntu; Linux x86_64; rv:70.0) Gecko/20100101 Firefox/70.0"
::1 - - [26/Sep/2019:22:05:11 +0200] "PUT /user/add HTTP/1.1" 500 27286 "-" "Mozilla/5.0 (X11; Ubuntu; Linux x86_64; rv:70.0) Gecko/20100101 Firefox/70.0"
::1 - - [26/Sep/2019:22:06:52 +0200] "GET /user/add?email=paul.piotr%40gmail.comaa&password=has%C5%82o HTTP/1.1" 500 27286 "-" "Mozilla/5.0 (X11; Ubuntu; Linux x86_64; rv:70.0) Gecko/20100101 Firefox/70.0"
::1 - - [26/Sep/2019:22:06:52 +0200] "GET /favicon.ico HTTP/1.1" 404 21888 "-" "Mozilla/5.0 (X11; Ubuntu; Linux x86_64; rv:70.0) Gecko/20100101 Firefox/70.0"
::1 - - [26/Sep/2019:22:11:05 +0200] "GET /user/add?email=paul.piotr%40gmail.comaa&password=has%C5%82o HTTP/1.1" 200 1432 "-" "Mozilla/5.0 (X11; Ubuntu; Linux x86_64; rv:70.0) Gecko/20100101 Firefox/70.0"
::1 - - [26/Sep/2019:22:11:10 +0200] "GET /user/add?email=paul.piotr%40gmail.comaa&password=has%C5%82o HTTP/1.1" 200 1431 "-" "Mozilla/5.0 (X11; Ubuntu; Linux x86_64; rv:70.0) Gecko/20100101 Firefox/70.0"
::1 - - [26/Sep/2019:22:11:14 +0200] "PUT /user/add HTTP/1.1" 200 1431 "-" "Mozilla/5.0 (X11; Ubuntu; Linux x86_64; rv:70.0) Gecko/20100101 Firefox/70.0"
::1 - - [26/Sep/2019:22:12:18 +0200] "PUT /user/add HTTP/1.1" 200 1432 "-" "Mozilla/5.0 (X11; Ubuntu; Linux x86_64; rv:70.0) Gecko/20100101 Firefox/70.0"
::1 - - [26/Sep/2019:22:13:03 +0200] "PUT /user/add HTTP/1.1" 200 1432 "-" "Mozilla/5.0 (X11; Ubuntu; Linux x86_64; rv:70.0) Gecko/20100101 Firefox/70.0"
::1 - - [26/Sep/2019:22:13:29 +0200] "PUT /user/add HTTP/1.1" 200 1432 "-" "Mozilla/5.0 (X11; Ubuntu; Linux x86_64; rv:70.0) Gecko/20100101 Firefox/70.0"
::1 - - [26/Sep/2019:22:13:54 +0200] "PUT /user/add HTTP/1.1" 200 1432 "-" "Mozilla/5.0 (X11; Ubuntu; Linux x86_64; rv:70.0) Gecko/20100101 Firefox/70.0"
::1 - - [26/Sep/2019:22:14:11 +0200] "PUT /user/add HTTP/1.1" 200 1431 "-" "Mozilla/5.0 (X11; Ubuntu; Linux x86_64; rv:70.0) Gecko/20100101 Firefox/70.0"
::1 - - [26/Sep/2019:22:14:17 +0200] "PUT /user/add HTTP/1.1" 200 1431 "-" "Mozilla/5.0 (X11; Ubuntu; Linux x86_64; rv:70.0) Gecko/20100101 Firefox/70.0"
::1 - - [26/Sep/2019:22:14:55 +0200] "PUT /user/add HTTP/1.1" 200 1431 "-" "Mozilla/5.0 (X11; Ubuntu; Linux x86_64; rv:70.0) Gecko/20100101 Firefox/70.0"
::1 - - [26/Sep/2019:22:15:03 +0200] "PUT /user/add HTTP/1.1" 200 1431 "-" "Mozilla/5.0 (X11; Ubuntu; Linux x86_64; rv:70.0) Gecko/20100101 Firefox/70.0"
::1 - - [26/Sep/2019:22:15:17 +0200] "PUT /user/add HTTP/1.1" 200 1431 "-" "Mozilla/5.0 (X11; Ubuntu; Linux x86_64; rv:70.0) Gecko/20100101 Firefox/70.0"
::1 - - [26/Sep/2019:22:15:25 +0200] "PUT /user/add HTTP/1.1" 200 1431 "-" "Mozilla/5.0 (X11; Ubuntu; Linux x86_64; rv:70.0) Gecko/20100101 Firefox/70.0"
::1 - - [26/Sep/2019:22:15:35 +0200] "PUT /user/add HTTP/1.1" 200 1431 "-" "Mozilla/5.0 (X11; Ubuntu; Linux x86_64; rv:70.0) Gecko/20100101 Firefox/70.0"
::1 - - [26/Sep/2019:22:15:40 +0200] "PUT /user/add HTTP/1.1" 200 1430 "-" "Mozilla/5.0 (X11; Ubuntu; Linux x86_64; rv:70.0) Gecko/20100101 Firefox/70.0"
::1 - - [26/Sep/2019:22:15:53 +0200] "PUT /user/add HTTP/1.1" 200 1431 "-" "Mozilla/5.0 (X11; Ubuntu; Linux x86_64; rv:70.0) Gecko/20100101 Firefox/70.0"
::1 - - [26/Sep/2019:22:18:53 +0200] "GET /user/add?email=paul.piotr%40gmail.comaa&password=has%C5%82o HTTP/1.1" 200 1431 "-" "Mozilla/5.0 (X11; Ubuntu; Linux x86_64; rv:70.0) Gecko/20100101 Firefox/70.0"
::1 - - [26/Sep/2019:22:22:26 +0200] "GET /user/add?email=paul.piotr%40gmail.comaa&password=has%C5%82o HTTP/1.1" 200 1550 "-" "Mozilla/5.0 (X11; Ubuntu; Linux x86_64; rv:70.0) Gecko/20100101 Firefox/70.0"
::1 - - [26/Sep/2019:22:22:48 +0200] "PUT /user/add HTTP/1.1" 200 1550 "-" "Mozilla/5.0 (X11; Ubuntu; Linux x86_64; rv:70.0) Gecko/20100101 Firefox/70.0"
::1 - - [26/Sep/2019:22:23:19 +0200] "PUT /user/add HTTP/1.1" 500 15008 "-" "Mozilla/5.0 (X11; Ubuntu; Linux x86_64; rv:70.0) Gecko/20100101 Firefox/70.0"
::1 - - [26/Sep/2019:22:23:27 +0200] "PUT /user/add HTTP/1.1" 200 1550 "-" "Mozilla/5.0 (X11; Ubuntu; Linux x86_64; rv:70.0) Gecko/20100101 Firefox/70.0"
::1 - - [26/Sep/2019:22:24:05 +0200] "GET /user/add HTTP/1.1" 200 1550 "-" "Mozilla/5.0 (X11; Ubuntu; Linux x86_64; rv:70.0) Gecko/20100101 Firefox/70.0"
::1 - - [26/Sep/2019:22:24:13 +0200] "GET /user/add HTTP/1.1" 200 1550 "-" "Mozilla/5.0 (X11; Ubuntu; Linux x86_64; rv:70.0) Gecko/20100101 Firefox/70.0"
::1 - - [26/Sep/2019:22:24:14 +0200] "GET /user/add HTTP/1.1" 200 1549 "-" "Mozilla/5.0 (X11; Ubuntu; Linux x86_64; rv:70.0) Gecko/20100101 Firefox/70.0"
::1 - - [26/Sep/2019:22:24:15 +0200] "GET /user/add HTTP/1.1" 200 1549 "-" "Mozilla/5.0 (X11; Ubuntu; Linux x86_64; rv:70.0) Gecko/20100101 Firefox/70.0"
::1 - - [26/Sep/2019:22:24:16 +0200] "GET /user/add HTTP/1.1" 200 1549 "-" "Mozilla/5.0 (X11; Ubuntu; Linux x86_64; rv:70.0) Gecko/20100101 Firefox/70.0"
::1 - - [26/Sep/2019:22:24:17 +0200] "GET /user/add HTTP/1.1" 200 1549 "-" "Mozilla/5.0 (X11; Ubuntu; Linux x86_64; rv:70.0) Gecko/20100101 Firefox/70.0"
::1 - - [26/Sep/2019:22:24:18 +0200] "GET /user/add HTTP/1.1" 200 1549 "-" "Mozilla/5.0 (X11; Ubuntu; Linux x86_64; rv:70.0) Gecko/20100101 Firefox/70.0"
::1 - - [26/Sep/2019:22:24:19 +0200] "GET /user/add HTTP/1.1" 200 1549 "-" "Mozilla/5.0 (X11; Ubuntu; Linux x86_64; rv:70.0) Gecko/20100101 Firefox/70.0"
::1 - - [26/Sep/2019:22:24:20 +0200] "GET /user/add HTTP/1.1" 200 1549 "-" "Mozilla/5.0 (X11; Ubuntu; Linux x86_64; rv:70.0) Gecko/20100101 Firefox/70.0"
::1 - - [26/Sep/2019:22:24:49 +0200] "GET /user/add HTTP/1.1" 200 208 "-" "Mozilla/5.0 (X11; Ubuntu; Linux x86_64; rv:70.0) Gecko/20100101 Firefox/70.0"
::1 - - [26/Sep/2019:22:25:25 +0200] "GET /user/add HTTP/1.1" 500 15096 "-" "Mozilla/5.0 (X11; Ubuntu; Linux x86_64; rv:70.0) Gecko/20100101 Firefox/70.0"
::1 - - [26/Sep/2019:22:26:01 +0200] "GET /user/add HTTP/1.1" 500 15096 "-" "Mozilla/5.0 (X11; Ubuntu; Linux x86_64; rv:70.0) Gecko/20100101 Firefox/70.0"
::1 - - [26/Sep/2019:22:26:52 +0200] "PUT /user/add HTTP/1.1" 500 15096 "-" "Mozilla/5.0 (X11; Ubuntu; Linux x86_64; rv:70.0) Gecko/20100101 Firefox/70.0"
::1 - - [26/Sep/2019:22:27:05 +0200] "PUT /user/add HTTP/1.1" 500 15096 "-" "Mozilla/5.0 (X11; Ubuntu; Linux x86_64; rv:70.0) Gecko/20100101 Firefox/70.0"
::1 - - [26/Sep/2019:22:27:18 +0200] "PUT /user/add HTTP/1.1" 500 15096 "-" "Mozilla/5.0 (X11; Ubuntu; Linux x86_64; rv:70.0) Gecko/20100101 Firefox/70.0"
::1 - - [26/Sep/2019:22:28:31 +0200] "GET /user/add HTTP/1.1" 200 1442 "-" "Mozilla/5.0 (X11; Ubuntu; Linux x86_64; rv:70.0) Gecko/20100101 Firefox/70.0"
::1 - - [26/Sep/2019:22:28:56 +0200] "GET /user/add HTTP/1.1" 200 1440 "-" "Mozilla/5.0 (X11; Ubuntu; Linux x86_64; rv:70.0) Gecko/20100101 Firefox/70.0"
::1 - - [26/Sep/2019:22:33:02 +0200] "GET /user/add HTTP/1.1" 200 1440 "-" "Mozilla/5.0 (X11; Ubuntu; Linux x86_64; rv:70.0) Gecko/20100101 Firefox/70.0"
::1 - - [26/Sep/2019:22:33:32 +0200] "GET /user/add HTTP/1.1" 500 14829 "-" "Mozilla/5.0 (X11; Ubuntu; Linux x86_64; rv:70.0) Gecko/20100101 Firefox/70.0"
::1 - - [26/Sep/2019:22:33:41 +0200] "GET /user/add HTTP/1.1" 500 14829 "-" "Mozilla/5.0 (X11; Ubuntu; Linux x86_64; rv:70.0) Gecko/20100101 Firefox/70.0"
::1 - - [26/Sep/2019:22:33:53 +0200] "GET /user/add HTTP/1.1" 200 2616 "-" "Mozilla/5.0 (X11; Ubuntu; Linux x86_64; rv:70.0) Gecko/20100101 Firefox/70.0"
::1 - - [27/Sep/2019:18:44:33 +0200] "GET / HTTP/1.1" 404 4354 "-" "Mozilla/5.0 (X11; Ubuntu; Linux x86_64; rv:70.0) Gecko/20100101 Firefox/70.0"
::1 - - [27/Sep/2019:18:44:54 +0200] "GET /user/add HTTP/1.1" 200 2616 "-" "Mozilla/5.0 (X11; Ubuntu; Linux x86_64; rv:70.0) Gecko/20100101 Firefox/70.0"
::1 - - [27/Sep/2019:18:45:02 +0200] "PUT /user/add HTTP/1.1" 200 2616 "-" "Mozilla/5.0 (X11; Ubuntu; Linux x86_64; rv:70.0) Gecko/20100101 Firefox/70.0"
::1 - - [27/Sep/2019:18:46:07 +0200] "POST /user/add HTTP/1.1" 200 2664 "-" "Mozilla/5.0 (X11; Ubuntu; Linux x86_64; rv:70.0) Gecko/20100101 Firefox/70.0"
::1 - - [27/Sep/2019:18:46:49 +0200] "POST /user/add HTTP/1.1" 200 2664 "-" "Mozilla/5.0 (X11; Ubuntu; Linux x86_64; rv:70.0) Gecko/20100101 Firefox/70.0"
::1 - - [27/Sep/2019:18:46:52 +0200] "POST /user/add HTTP/1.1" 200 2663 "-" "Mozilla/5.0 (X11; Ubuntu; Linux x86_64; rv:70.0) Gecko/20100101 Firefox/70.0"
::1 - - [27/Sep/2019:18:47:27 +0200] "PUT /user/add HTTP/1.1" 200 2664 "-" "Mozilla/5.0 (X11; Ubuntu; Linux x86_64; rv:70.0) Gecko/20100101 Firefox/70.0"
::1 - - [27/Sep/2019:18:48:18 +0200] "PUT /user/add HTTP/1.1" 200 341 "-" "Mozilla/5.0 (X11; Ubuntu; Linux x86_64; rv:70.0) Gecko/20100101 Firefox/70.0"
::1 - - [27/Sep/2019:18:49:46 +0200] "PUT /user/add HTTP/1.1" 200 208 "-" "Mozilla/5.0 (X11; Ubuntu; Linux x86_64; rv:70.0) Gecko/20100101 Firefox/70.0"
::1 - - [27/Sep/2019:18:50:28 +0200] "PUT /user/add HTTP/1.1" 200 341 "-" "Mozilla/5.0 (X11; Ubuntu; Linux x86_64; rv:70.0) Gecko/20100101 Firefox/70.0"
::1 - - [27/Sep/2019:18:53:54 +0200] "PUT /user/add HTTP/1.1" 200 399 "-" "Mozilla/5.0 (X11; Ubuntu; Linux x86_64; rv:70.0) Gecko/20100101 Firefox/70.0"
::1 - - [27/Sep/2019:18:54:39 +0200] "PUT /user/add HTTP/1.1" 200 399 "-" "Mozilla/5.0 (X11; Ubuntu; Linux x86_64; rv:70.0) Gecko/20100101 Firefox/70.0"
::1 - - [27/Sep/2019:19:00:46 +0200] "PUT /user/add HTTP/1.1" 200 403 "-" "Mozilla/5.0 (X11; Ubuntu; Linux x86_64; rv:70.0) Gecko/20100101 Firefox/70.0"
::1 - - [27/Sep/2019:19:00:49 +0200] "PUT /user/add HTTP/1.1" 200 402 "-" "Mozilla/5.0 (X11; Ubuntu; Linux x86_64; rv:70.0) Gecko/20100101 Firefox/70.0"
::1 - - [27/Sep/2019:19:00:51 +0200] "PUT /user/add HTTP/1.1" 200 402 "-" "Mozilla/5.0 (X11; Ubuntu; Linux x86_64; rv:70.0) Gecko/20100101 Firefox/70.0"
::1 - - [27/Sep/2019:19:00:52 +0200] "PUT /user/add HTTP/1.1" 200 402 "-" "Mozilla/5.0 (X11; Ubuntu; Linux x86_64; rv:70.0) Gecko/20100101 Firefox/70.0"
::1 - - [27/Sep/2019:19:06:32 +0200] "PUT /user/add HTTP/1.1" 200 454 "-" "Mozilla/5.0 (X11; Ubuntu; Linux x86_64; rv:70.0) Gecko/20100101 Firefox/70.0"
::1 - - [27/Sep/2019:19:09:37 +0200] "PUT /user/add HTTP/1.1" 200 364 "-" "Mozilla/5.0 (X11; Ubuntu; Linux x86_64; rv:70.0) Gecko/20100101 Firefox/70.0"
::1 - - [27/Sep/2019:19:09:55 +0200] "PUT /user/add HTTP/1.1" 200 556 "-" "Mozilla/5.0 (X11; Ubuntu; Linux x86_64; rv:70.0) Gecko/20100101 Firefox/70.0"
::1 - - [27/Sep/2019:19:10:30 +0200] "PUT /user/add HTTP/1.1" 500 61796 "-" "Mozilla/5.0 (X11; Ubuntu; Linux x86_64; rv:70.0) Gecko/20100101 Firefox/70.0"
::1 - - [27/Sep/2019:19:12:58 +0200] "PUT /user/add HTTP/1.1" 500 61861 "-" "Mozilla/5.0 (X11; Ubuntu; Linux x86_64; rv:70.0) Gecko/20100101 Firefox/70.0"
::1 - - [27/Sep/2019:19:13:52 +0200] "PUT /user/add HTTP/1.1" 200 347 "-" "Mozilla/5.0 (X11; Ubuntu; Linux x86_64; rv:70.0) Gecko/20100101 Firefox/70.0"
::1 - - [27/Sep/2019:19:14:36 +0200] "PUT /user/add HTTP/1.1" 200 347 "-" "Mozilla/5.0 (X11; Ubuntu; Linux x86_64; rv:70.0) Gecko/20100101 Firefox/70.0"
::1 - - [27/Sep/2019:19:48:52 +0200] "PUT /user/add HTTP/1.1" 200 283 "-" "Mozilla/5.0 (X11; Ubuntu; Linux x86_64; rv:70.0) Gecko/20100101 Firefox/70.0"
::1 - - [27/Sep/2019:19:48:55 +0200] "PUT /user/add HTTP/1.1" 200 282 "-" "Mozilla/5.0 (X11; Ubuntu; Linux x86_64; rv:70.0) Gecko/20100101 Firefox/70.0"
::1 - - [27/Sep/2019:19:49:52 +0200] "PUT /user/add HTTP/1.1" 200 347 "-" "Mozilla/5.0 (X11; Ubuntu; Linux x86_64; rv:70.0) Gecko/20100101 Firefox/70.0"
::1 - - [27/Sep/2019:19:50:07 +0200] "PUT /user/add HTTP/1.1" 200 350 "-" "Mozilla/5.0 (X11; Ubuntu; Linux x86_64; rv:70.0) Gecko/20100101 Firefox/70.0"
::1 - - [27/Sep/2019:19:50:12 +0200] "PUT /user/add HTTP/1.1" 200 353 "-" "Mozilla/5.0 (X11; Ubuntu; Linux x86_64; rv:70.0) Gecko/20100101 Firefox/70.0"
::1 - - [27/Sep/2019:19:50:19 +0200] "PUT /user/add HTTP/1.1" 200 450 "-" "Mozilla/5.0 (X11; Ubuntu; Linux x86_64; rv:70.0) Gecko/20100101 Firefox/70.0"
::1 - - [27/Sep/2019:19:50:48 +0200] "PUT /user/add HTTP/1.1" 200 408 "-" "Mozilla/5.0 (X11; Ubuntu; Linux x86_64; rv:70.0) Gecko/20100101 Firefox/70.0"
::1 - - [27/Sep/2019:19:51:29 +0200] "PUT /user/add HTTP/1.1" 200 408 "-" "Mozilla/5.0 (X11; Ubuntu; Linux x86_64; rv:70.0) Gecko/20100101 Firefox/70.0"
::1 - - [27/Sep/2019:19:56:12 +0200] "PUT /user/add HTTP/1.1" 200 408 "-" "Mozilla/5.0 (X11; Ubuntu; Linux x86_64; rv:70.0) Gecko/20100101 Firefox/70.0"
::1 - - [27/Sep/2019:19:58:09 +0200] "PUT /user/add HTTP/1.1" 200 408 "-" "Mozilla/5.0 (X11; Ubuntu; Linux x86_64; rv:70.0) Gecko/20100101 Firefox/70.0"
::1 - - [27/Sep/2019:19:58:22 +0200] "PUT /user/add HTTP/1.1" 500 14619 "-" "Mozilla/5.0 (X11; Ubuntu; Linux x86_64; rv:70.0) Gecko/20100101 Firefox/70.0"
::1 - - [27/Sep/2019:19:59:04 +0200] "PUT /user/add HTTP/1.1" 500 14619 "-" "Mozilla/5.0 (X11; Ubuntu; Linux x86_64; rv:70.0) Gecko/20100101 Firefox/70.0"
::1 - - [27/Sep/2019:19:59:42 +0200] "PUT /user/add HTTP/1.1" 500 14637 "-" "Mozilla/5.0 (X11; Ubuntu; Linux x86_64; rv:70.0) Gecko/20100101 Firefox/70.0"
::1 - - [27/Sep/2019:19:59:53 +0200] "PUT /user/add HTTP/1.1" 500 14627 "-" "Mozilla/5.0 (X11; Ubuntu; Linux x86_64; rv:70.0) Gecko/20100101 Firefox/70.0"
::1 - - [27/Sep/2019:20:00:50 +0200] "PUT /user/add HTTP/1.1" 500 19422 "-" "Mozilla/5.0 (X11; Ubuntu; Linux x86_64; rv:70.0) Gecko/20100101 Firefox/70.0"
::1 - - [27/Sep/2019:20:02:14 +0200] "PUT /user/add HTTP/1.1" 500 19422 "-" "Mozilla/5.0 (X11; Ubuntu; Linux x86_64; rv:70.0) Gecko/20100101 Firefox/70.0"
::1 - - [27/Sep/2019:20:02:45 +0200] "PUT /user/add HTTP/1.1" 500 19422 "-" "Mozilla/5.0 (X11; Ubuntu; Linux x86_64; rv:70.0) Gecko/20100101 Firefox/70.0"
::1 - - [27/Sep/2019:20:04:34 +0200] "PUT /user/add HTTP/1.1" 500 19422 "-" "Mozilla/5.0 (X11; Ubuntu; Linux x86_64; rv:70.0) Gecko/20100101 Firefox/70.0"
::1 - - [27/Sep/2019:20:05:28 +0200] "PUT /user/add HTTP/1.1" 500 19422 "-" "Mozilla/5.0 (X11; Ubuntu; Linux x86_64; rv:70.0) Gecko/20100101 Firefox/70.0"
::1 - - [27/Sep/2019:20:05:41 +0200] "PUT /user/add HTTP/1.1" 500 19422 "-" "Mozilla/5.0 (X11; Ubuntu; Linux x86_64; rv:70.0) Gecko/20100101 Firefox/70.0"
::1 - - [27/Sep/2019:20:06:51 +0200] "PUT /user/add HTTP/1.1" 200 347 "-" "Mozilla/5.0 (X11; Ubuntu; Linux x86_64; rv:70.0) Gecko/20100101 Firefox/70.0"
::1 - - [27/Sep/2019:20:07:01 +0200] "PUT /user/add HTTP/1.1" 500 15215 "-" "Mozilla/5.0 (X11; Ubuntu; Linux x86_64; rv:70.0) Gecko/20100101 Firefox/70.0"
::1 - - [27/Sep/2019:20:07:42 +0200] "PUT /user/add HTTP/1.1" 200 347 "-" "Mozilla/5.0 (X11; Ubuntu; Linux x86_64; rv:70.0) Gecko/20100101 Firefox/70.0"
::1 - - [27/Sep/2019:20:07:46 +0200] "PUT /user/add HTTP/1.1" 200 346 "-" "Mozilla/5.0 (X11; Ubuntu; Linux x86_64; rv:70.0) Gecko/20100101 Firefox/70.0"
::1 - - [27/Sep/2019:20:07:52 +0200] "PUT /user/add HTTP/1.1" 200 347 "-" "Mozilla/5.0 (X11; Ubuntu; Linux x86_64; rv:70.0) Gecko/20100101 Firefox/70.0"
::1 - - [27/Sep/2019:20:08:37 +0200] "PUT /user/add HTTP/1.1" 200 347 "-" "Mozilla/5.0 (X11; Ubuntu; Linux x86_64; rv:70.0) Gecko/20100101 Firefox/70.0"
::1 - - [27/Sep/2019:20:27:58 +0200] "PUT /user/add HTTP/1.1" 200 597 "-" "Mozilla/5.0 (X11; Ubuntu; Linux x86_64; rv:70.0) Gecko/20100101 Firefox/70.0"
::1 - - [27/Sep/2019:20:28:26 +0200] "PUT /user/add HTTP/1.1" 200 327 "-" "Mozilla/5.0 (X11; Ubuntu; Linux x86_64; rv:70.0) Gecko/20100101 Firefox/70.0"
::1 - - [27/Sep/2019:20:29:12 +0200] "PUT /user/add HTTP/1.1" 200 293 "-" "Mozilla/5.0 (X11; Ubuntu; Linux x86_64; rv:70.0) Gecko/20100101 Firefox/70.0"
::1 - - [27/Sep/2019:20:29:14 +0200] "PUT /user/add HTTP/1.1" 200 292 "-" "Mozilla/5.0 (X11; Ubuntu; Linux x86_64; rv:70.0) Gecko/20100101 Firefox/70.0"
::1 - - [27/Sep/2019:20:29:52 +0200] "PUT /user/add HTTP/1.1" 200 293 "-" "Mozilla/5.0 (X11; Ubuntu; Linux x86_64; rv:70.0) Gecko/20100101 Firefox/70.0"
::1 - - [27/Sep/2019:20:29:54 +0200] "PUT /user/add HTTP/1.1" 200 292 "-" "Mozilla/5.0 (X11; Ubuntu; Linux x86_64; rv:70.0) Gecko/20100101 Firefox/70.0"
::1 - - [27/Sep/2019:20:30:24 +0200] "PUT /user/add HTTP/1.1" 200 3208 "-" "Mozilla/5.0 (X11; Ubuntu; Linux x86_64; rv:70.0) Gecko/20100101 Firefox/70.0"
::1 - - [27/Sep/2019:20:31:06 +0200] "PUT /user/add HTTP/1.1" 200 735 "-" "Mozilla/5.0 (X11; Ubuntu; Linux x86_64; rv:70.0) Gecko/20100101 Firefox/70.0"
::1 - - [27/Sep/2019:20:31:13 +0200] "PUT /user/add HTTP/1.1" 200 401 "-" "Mozilla/5.0 (X11; Ubuntu; Linux x86_64; rv:70.0) Gecko/20100101 Firefox/70.0"
::1 - - [27/Sep/2019:20:31:24 +0200] "PUT /user/add HTTP/1.1" 200 401 "-" "Mozilla/5.0 (X11; Ubuntu; Linux x86_64; rv:70.0) Gecko/20100101 Firefox/70.0"
::1 - - [27/Sep/2019:20:32:45 +0200] "PUT /user/add HTTP/1.1" 200 401 "-" "Mozilla/5.0 (X11; Ubuntu; Linux x86_64; rv:70.0) Gecko/20100101 Firefox/70.0"
::1 - - [27/Sep/2019:20:33:21 +0200] "PUT /user/add HTTP/1.1" 200 401 "-" "Mozilla/5.0 (X11; Ubuntu; Linux x86_64; rv:70.0) Gecko/20100101 Firefox/70.0"
::1 - - [27/Sep/2019:20:33:55 +0200] "PUT /user/add HTTP/1.1" 200 421 "-" "Mozilla/5.0 (X11; Ubuntu; Linux x86_64; rv:70.0) Gecko/20100101 Firefox/70.0"
::1 - - [30/Sep/2019:11:03:42 +0200] "GET / HTTP/1.1" 404 4354 "-" "Mozilla/5.0 (X11; Ubuntu; Linux x86_64; rv:70.0) Gecko/20100101 Firefox/70.0"
::1 - - [30/Sep/2019:11:03:51 +0200] "GET / HTTP/1.1" 404 4354 "-" "Mozilla/5.0 (X11; Ubuntu; Linux x86_64; rv:70.0) Gecko/20100101 Firefox/70.0"
::1 - - [30/Sep/2019:11:03:55 +0200] "GET / HTTP/1.1" 404 4353 "-" "Mozilla/5.0 (X11; Ubuntu; Linux x86_64; rv:70.0) Gecko/20100101 Firefox/70.0"
::1 - - [30/Sep/2019:11:04:37 +0200] "GET /user/add HTTP/1.1" 500 84049 "-" "Mozilla/5.0 (X11; Ubuntu; Linux x86_64; rv:70.0) Gecko/20100101 Firefox/70.0"
::1 - - [30/Sep/2019:11:05:02 +0200] "GET /user/add HTTP/1.1" 500 84012 "-" "Mozilla/5.0 (X11; Ubuntu; Linux x86_64; rv:70.0) Gecko/20100101 Firefox/70.0"
::1 - - [30/Sep/2019:11:05:10 +0200] "GET /user/add HTTP/1.1" 500 83886 "-" "Mozilla/5.0 (X11; Ubuntu; Linux x86_64; rv:70.0) Gecko/20100101 Firefox/70.0"
::1 - - [30/Sep/2019:11:05:24 +0200] "GET /user/add HTTP/1.1" 500 100042 "-" "Mozilla/5.0 (X11; Ubuntu; Linux x86_64; rv:70.0) Gecko/20100101 Firefox/70.0"
::1 - - [30/Sep/2019:11:05:38 +0200] "GET / HTTP/1.1" 404 4354 "-" "Mozilla/5.0 (X11; Ubuntu; Linux x86_64; rv:70.0) Gecko/20100101 Firefox/70.0"
::1 - - [30/Sep/2019:11:05:59 +0200] "GET /user/add HTTP/1.1" 500 97815 "-" "Mozilla/5.0 (X11; Ubuntu; Linux x86_64; rv:70.0) Gecko/20100101 Firefox/70.0"
::1 - - [30/Sep/2019:11:06:16 +0200] "GET /user/add HTTP/1.1" 500 80603 "-" "Mozilla/5.0 (X11; Ubuntu; Linux x86_64; rv:70.0) Gecko/20100101 Firefox/70.0"
::1 - - [30/Sep/2019:11:06:18 +0200] "GET /user/add HTTP/1.1" 500 80603 "-" "Mozilla/5.0 (X11; Ubuntu; Linux x86_64; rv:70.0) Gecko/20100101 Firefox/70.0"
::1 - - [30/Sep/2019:11:06:19 +0200] "GET /user/add HTTP/1.1" 500 80603 "-" "Mozilla/5.0 (X11; Ubuntu; Linux x86_64; rv:70.0) Gecko/20100101 Firefox/70.0"
::1 - - [30/Sep/2019:11:06:19 +0200] "GET /user/add HTTP/1.1" 500 80603 "-" "Mozilla/5.0 (X11; Ubuntu; Linux x86_64; rv:70.0) Gecko/20100101 Firefox/70.0"
::1 - - [30/Sep/2019:11:06:19 +0200] "GET /user/add HTTP/1.1" 500 80603 "-" "Mozilla/5.0 (X11; Ubuntu; Linux x86_64; rv:70.0) Gecko/20100101 Firefox/70.0"
::1 - - [30/Sep/2019:11:06:19 +0200] "GET /user/add HTTP/1.1" 500 80603 "-" "Mozilla/5.0 (X11; Ubuntu; Linux x86_64; rv:70.0) Gecko/20100101 Firefox/70.0"
::1 - - [30/Sep/2019:11:06:34 +0200] "GET /user/add HTTP/1.1" 200 315 "-" "Mozilla/5.0 (X11; Ubuntu; Linux x86_64; rv:70.0) Gecko/20100101 Firefox/70.0"
::1 - - [30/Sep/2019:11:06:52 +0200] "GET /user/add HTTP/1.1" 200 315 "-" "Mozilla/5.0 (X11; Ubuntu; Linux x86_64; rv:70.0) Gecko/20100101 Firefox/70.0"
::1 - - [30/Sep/2019:11:09:58 +0200] "GET /user/add HTTP/1.1" 500 80492 "-" "Mozilla/5.0 (X11; Ubuntu; Linux x86_64; rv:70.0) Gecko/20100101 Firefox/70.0"
::1 - - [30/Sep/2019:11:09:58 +0200] "GET /user/add HTTP/1.1" 500 80492 "-" "Mozilla/5.0 (X11; Ubuntu; Linux x86_64; rv:70.0) Gecko/20100101 Firefox/70.0"
::1 - - [30/Sep/2019:11:09:59 +0200] "GET /user/add HTTP/1.1" 500 80492 "-" "Mozilla/5.0 (X11; Ubuntu; Linux x86_64; rv:70.0) Gecko/20100101 Firefox/70.0"
::1 - - [30/Sep/2019:11:09:59 +0200] "GET /user/add HTTP/1.1" 500 80492 "-" "Mozilla/5.0 (X11; Ubuntu; Linux x86_64; rv:70.0) Gecko/20100101 Firefox/70.0"
::1 - - [30/Sep/2019:11:09:59 +0200] "GET /user/add HTTP/1.1" 500 80492 "-" "Mozilla/5.0 (X11; Ubuntu; Linux x86_64; rv:70.0) Gecko/20100101 Firefox/70.0"
::1 - - [30/Sep/2019:11:10:01 +0200] "GET /user/add HTTP/1.1" 500 80492 "-" "Mozilla/5.0 (X11; Ubuntu; Linux x86_64; rv:70.0) Gecko/20100101 Firefox/70.0"
::1 - - [30/Sep/2019:11:10:01 +0200] "GET /user/add HTTP/1.1" 500 80492 "-" "Mozilla/5.0 (X11; Ubuntu; Linux x86_64; rv:70.0) Gecko/20100101 Firefox/70.0"
::1 - - [30/Sep/2019:11:10:03 +0200] "GET /user/add HTTP/1.1" 500 80492 "-" "Mozilla/5.0 (X11; Ubuntu; Linux x86_64; rv:70.0) Gecko/20100101 Firefox/70.0"
::1 - - [30/Sep/2019:11:10:08 +0200] "GET /user/add HTTP/1.1" 500 80603 "-" "Mozilla/5.0 (X11; Ubuntu; Linux x86_64; rv:70.0) Gecko/20100101 Firefox/70.0"
::1 - - [30/Sep/2019:11:11:44 +0200] "GET /user/add HTTP/1.1" 500 80603 "-" "Mozilla/5.0 (X11; Ubuntu; Linux x86_64; rv:70.0) Gecko/20100101 Firefox/70.0"
::1 - - [30/Sep/2019:11:11:45 +0200] "GET /user/add HTTP/1.1" 500 80603 "-" "Mozilla/5.0 (X11; Ubuntu; Linux x86_64; rv:70.0) Gecko/20100101 Firefox/70.0"
::1 - - [30/Sep/2019:11:19:08 +0200] "GET /user/add HTTP/1.1" 500 80603 "-" "Mozilla/5.0 (X11; Ubuntu; Linux x86_64; rv:70.0) Gecko/20100101 Firefox/70.0"
::1 - - [30/Sep/2019:11:19:09 +0200] "GET /user/add HTTP/1.1" 500 80603 "-" "Mozilla/5.0 (X11; Ubuntu; Linux x86_64; rv:70.0) Gecko/20100101 Firefox/70.0"
::1 - - [30/Sep/2019:11:19:10 +0200] "GET /user/add HTTP/1.1" 500 80603 "-" "Mozilla/5.0 (X11; Ubuntu; Linux x86_64; rv:70.0) Gecko/20100101 Firefox/70.0"
::1 - - [30/Sep/2019:11:19:11 +0200] "GET /user/add HTTP/1.1" 500 80603 "-" "Mozilla/5.0 (X11; Ubuntu; Linux x86_64; rv:70.0) Gecko/20100101 Firefox/70.0"
::1 - - [30/Sep/2019:11:19:53 +0200] "GET /user/add HTTP/1.1" 500 80603 "-" "Mozilla/5.0 (X11; Ubuntu; Linux x86_64; rv:70.0) Gecko/20100101 Firefox/70.0"
::1 - - [30/Sep/2019:11:19:53 +0200] "GET /user/add HTTP/1.1" 500 80603 "-" "Mozilla/5.0 (X11; Ubuntu; Linux x86_64; rv:70.0) Gecko/20100101 Firefox/70.0"
::1 - - [30/Sep/2019:11:19:53 +0200] "GET /user/add HTTP/1.1" 500 80603 "-" "Mozilla/5.0 (X11; Ubuntu; Linux x86_64; rv:70.0) Gecko/20100101 Firefox/70.0"
::1 - - [30/Sep/2019:11:19:54 +0200] "GET /user/add HTTP/1.1" 500 80603 "-" "Mozilla/5.0 (X11; Ubuntu; Linux x86_64; rv:70.0) Gecko/20100101 Firefox/70.0"
::1 - - [30/Sep/2019:11:19:54 +0200] "GET /user/add HTTP/1.1" 500 80603 "-" "Mozilla/5.0 (X11; Ubuntu; Linux x86_64; rv:70.0) Gecko/20100101 Firefox/70.0"
::1 - - [30/Sep/2019:11:29:48 +0200] "GET /user/add HTTP/1.1" 500 52718 "-" "Mozilla/5.0 (X11; Ubuntu; Linux x86_64; rv:70.0) Gecko/20100101 Firefox/70.0"
::1 - - [30/Sep/2019:11:30:31 +0200] "GET /user/add HTTP/1.1" 500 80603 "-" "Mozilla/5.0 (X11; Ubuntu; Linux x86_64; rv:70.0) Gecko/20100101 Firefox/70.0"
::1 - - [30/Sep/2019:11:31:17 +0200] "GET /user/add HTTP/1.1" 500 80603 "-" "Mozilla/5.0 (X11; Ubuntu; Linux x86_64; rv:70.0) Gecko/20100101 Firefox/70.0"
::1 - - [30/Sep/2019:11:31:18 +0200] "GET /user/add HTTP/1.1" 500 80603 "-" "Mozilla/5.0 (X11; Ubuntu; Linux x86_64; rv:70.0) Gecko/20100101 Firefox/70.0"
::1 - - [30/Sep/2019:11:31:18 +0200] "GET /user/add HTTP/1.1" 500 80603 "-" "Mozilla/5.0 (X11; Ubuntu; Linux x86_64; rv:70.0) Gecko/20100101 Firefox/70.0"
::1 - - [30/Sep/2019:11:31:18 +0200] "GET /user/add HTTP/1.1" 500 80603 "-" "Mozilla/5.0 (X11; Ubuntu; Linux x86_64; rv:70.0) Gecko/20100101 Firefox/70.0"
::1 - - [30/Sep/2019:11:31:49 +0200] "GET /user/add HTTP/1.1" 200 315 "-" "Mozilla/5.0 (X11; Ubuntu; Linux x86_64; rv:70.0) Gecko/20100101 Firefox/70.0"
::1 - - [30/Sep/2019:11:31:53 +0200] "GET /user/add HTTP/1.1" 200 314 "-" "Mozilla/5.0 (X11; Ubuntu; Linux x86_64; rv:70.0) Gecko/20100101 Firefox/70.0"
::1 - - [30/Sep/2019:11:32:02 +0200] "POST /user/add HTTP/1.1" 200 315 "-" "Mozilla/5.0 (X11; Ubuntu; Linux x86_64; rv:70.0) Gecko/20100101 Firefox/70.0"
::1 - - [30/Sep/2019:11:33:31 +0200] "GET /user/add HTTP/1.1" 200 376 "-" "Mozilla/5.0 (X11; Ubuntu; Linux x86_64; rv:70.0) Gecko/20100101 Firefox/70.0"
::1 - - [30/Sep/2019:11:33:47 +0200] "GET /user/add HTTP/1.1" 200 264 "-" "Mozilla/5.0 (X11; Ubuntu; Linux x86_64; rv:70.0) Gecko/20100101 Firefox/70.0"
::1 - - [30/Sep/2019:11:33:51 +0200] "GET /user/add HTTP/1.1" 200 263 "-" "Mozilla/5.0 (X11; Ubuntu; Linux x86_64; rv:70.0) Gecko/20100101 Firefox/70.0"
::1 - - [30/Sep/2019:11:33:51 +0200] "GET /user/add HTTP/1.1" 200 263 "-" "Mozilla/5.0 (X11; Ubuntu; Linux x86_64; rv:70.0) Gecko/20100101 Firefox/70.0"
::1 - - [30/Sep/2019:11:33:52 +0200] "GET /user/add HTTP/1.1" 200 263 "-" "Mozilla/5.0 (X11; Ubuntu; Linux x86_64; rv:70.0) Gecko/20100101 Firefox/70.0"
::1 - - [30/Sep/2019:11:33:53 +0200] "GET /user/add HTTP/1.1" 200 263 "-" "Mozilla/5.0 (X11; Ubuntu; Linux x86_64; rv:70.0) Gecko/20100101 Firefox/70.0"
::1 - - [30/Sep/2019:11:33:53 +0200] "GET /user/add HTTP/1.1" 200 263 "-" "Mozilla/5.0 (X11; Ubuntu; Linux x86_64; rv:70.0) Gecko/20100101 Firefox/70.0"
::1 - - [30/Sep/2019:11:33:54 +0200] "GET /user/add HTTP/1.1" 200 263 "-" "Mozilla/5.0 (X11; Ubuntu; Linux x86_64; rv:70.0) Gecko/20100101 Firefox/70.0"
::1 - - [30/Sep/2019:11:33:55 +0200] "GET /user/add HTTP/1.1" 200 263 "-" "Mozilla/5.0 (X11; Ubuntu; Linux x86_64; rv:70.0) Gecko/20100101 Firefox/70.0"
::1 - - [30/Sep/2019:11:33:56 +0200] "GET /user/add HTTP/1.1" 200 263 "-" "Mozilla/5.0 (X11; Ubuntu; Linux x86_64; rv:70.0) Gecko/20100101 Firefox/70.0"
::1 - - [30/Sep/2019:11:33:57 +0200] "GET /user/add HTTP/1.1" 200 263 "-" "Mozilla/5.0 (X11; Ubuntu; Linux x86_64; rv:70.0) Gecko/20100101 Firefox/70.0"
::1 - - [30/Sep/2019:11:33:57 +0200] "GET /user/add HTTP/1.1" 200 264 "-" "Mozilla/5.0 (X11; Ubuntu; Linux x86_64; rv:70.0) Gecko/20100101 Firefox/70.0"
::1 - - [30/Sep/2019:11:33:58 +0200] "GET /user/add HTTP/1.1" 200 263 "-" "Mozilla/5.0 (X11; Ubuntu; Linux x86_64; rv:70.0) Gecko/20100101 Firefox/70.0"
::1 - - [30/Sep/2019:11:33:59 +0200] "GET /user/add HTTP/1.1" 200 263 "-" "Mozilla/5.0 (X11; Ubuntu; Linux x86_64; rv:70.0) Gecko/20100101 Firefox/70.0"
::1 - - [30/Sep/2019:11:34:00 +0200] "GET /user/add HTTP/1.1" 200 263 "-" "Mozilla/5.0 (X11; Ubuntu; Linux x86_64; rv:70.0) Gecko/20100101 Firefox/70.0"
::1 - - [30/Sep/2019:11:34:02 +0200] "GET /user/add HTTP/1.1" 200 263 "-" "Mozilla/5.0 (X11; Ubuntu; Linux x86_64; rv:70.0) Gecko/20100101 Firefox/70.0"
::1 - - [30/Sep/2019:11:34:03 +0200] "GET /user/add HTTP/1.1" 200 263 "-" "Mozilla/5.0 (X11; Ubuntu; Linux x86_64; rv:70.0) Gecko/20100101 Firefox/70.0"
::1 - - [30/Sep/2019:11:34:03 +0200] "GET /user/add HTTP/1.1" 200 263 "-" "Mozilla/5.0 (X11; Ubuntu; Linux x86_64; rv:70.0) Gecko/20100101 Firefox/70.0"
::1 - - [30/Sep/2019:11:34:04 +0200] "GET /user/add HTTP/1.1" 200 263 "-" "Mozilla/5.0 (X11; Ubuntu; Linux x86_64; rv:70.0) Gecko/20100101 Firefox/70.0"
::1 - - [30/Sep/2019:11:34:05 +0200] "GET /user/add HTTP/1.1" 200 263 "-" "Mozilla/5.0 (X11; Ubuntu; Linux x86_64; rv:70.0) Gecko/20100101 Firefox/70.0"
::1 - - [30/Sep/2019:11:34:06 +0200] "GET /user/add HTTP/1.1" 200 263 "-" "Mozilla/5.0 (X11; Ubuntu; Linux x86_64; rv:70.0) Gecko/20100101 Firefox/70.0"
::1 - - [30/Sep/2019:11:34:08 +0200] "GET /user/add HTTP/1.1" 200 263 "-" "Mozilla/5.0 (X11; Ubuntu; Linux x86_64; rv:70.0) Gecko/20100101 Firefox/70.0"
::1 - - [30/Sep/2019:11:34:10 +0200] "GET /user/add HTTP/1.1" 200 263 "-" "Mozilla/5.0 (X11; Ubuntu; Linux x86_64; rv:70.0) Gecko/20100101 Firefox/70.0"
::1 - - [30/Sep/2019:11:34:41 +0200] "GET /user/add HTTP/1.1" 200 205 "-" "Mozilla/5.0 (X11; Ubuntu; Linux x86_64; rv:70.0) Gecko/20100101 Firefox/70.0"
::1 - - [30/Sep/2019:11:34:42 +0200] "GET /user/add HTTP/1.1" 200 204 "-" "Mozilla/5.0 (X11; Ubuntu; Linux x86_64; rv:70.0) Gecko/20100101 Firefox/70.0"
::1 - - [30/Sep/2019:11:34:43 +0200] "GET /user/add HTTP/1.1" 200 204 "-" "Mozilla/5.0 (X11; Ubuntu; Linux x86_64; rv:70.0) Gecko/20100101 Firefox/70.0"
::1 - - [30/Sep/2019:11:34:43 +0200] "GET /user/add HTTP/1.1" 200 205 "-" "Mozilla/5.0 (X11; Ubuntu; Linux x86_64; rv:70.0) Gecko/20100101 Firefox/70.0"
::1 - - [30/Sep/2019:11:35:55 +0200] "GET /user/add HTTP/1.1" 500 85548 "-" "Mozilla/5.0 (X11; Ubuntu; Linux x86_64; rv:70.0) Gecko/20100101 Firefox/70.0"
::1 - - [30/Sep/2019:11:36:17 +0200] "GET /user/add HTTP/1.1" 500 80303 "-" "Mozilla/5.0 (X11; Ubuntu; Linux x86_64; rv:70.0) Gecko/20100101 Firefox/70.0"
::1 - - [30/Sep/2019:11:36:21 +0200] "GET /user/add HTTP/1.1" 500 80303 "-" "Mozilla/5.0 (X11; Ubuntu; Linux x86_64; rv:70.0) Gecko/20100101 Firefox/70.0"
::1 - - [30/Sep/2019:11:38:52 +0200] "GET /user/add HTTP/1.1" 200 267 "-" "Mozilla/5.0 (X11; Ubuntu; Linux x86_64; rv:70.0) Gecko/20100101 Firefox/70.0"
::1 - - [30/Sep/2019:11:38:53 +0200] "GET /user/add HTTP/1.1" 200 266 "-" "Mozilla/5.0 (X11; Ubuntu; Linux x86_64; rv:70.0) Gecko/20100101 Firefox/70.0"
::1 - - [30/Sep/2019:11:38:54 +0200] "GET /user/add HTTP/1.1" 200 266 "-" "Mozilla/5.0 (X11; Ubuntu; Linux x86_64; rv:70.0) Gecko/20100101 Firefox/70.0"
::1 - - [30/Sep/2019:11:38:55 +0200] "GET /user/add HTTP/1.1" 200 266 "-" "Mozilla/5.0 (X11; Ubuntu; Linux x86_64; rv:70.0) Gecko/20100101 Firefox/70.0"
::1 - - [30/Sep/2019:11:38:56 +0200] "GET /user/add HTTP/1.1" 200 266 "-" "Mozilla/5.0 (X11; Ubuntu; Linux x86_64; rv:70.0) Gecko/20100101 Firefox/70.0"
::1 - - [30/Sep/2019:11:38:57 +0200] "GET /user/add HTTP/1.1" 200 266 "-" "Mozilla/5.0 (X11; Ubuntu; Linux x86_64; rv:70.0) Gecko/20100101 Firefox/70.0"
::1 - - [30/Sep/2019:11:38:58 +0200] "GET /user/add HTTP/1.1" 200 266 "-" "Mozilla/5.0 (X11; Ubuntu; Linux x86_64; rv:70.0) Gecko/20100101 Firefox/70.0"
::1 - - [30/Sep/2019:11:38:58 +0200] "GET /user/add HTTP/1.1" 200 266 "-" "Mozilla/5.0 (X11; Ubuntu; Linux x86_64; rv:70.0) Gecko/20100101 Firefox/70.0"
::1 - - [30/Sep/2019:11:38:59 +0200] "GET /user/add HTTP/1.1" 200 266 "-" "Mozilla/5.0 (X11; Ubuntu; Linux x86_64; rv:70.0) Gecko/20100101 Firefox/70.0"
::1 - - [30/Sep/2019:11:39:00 +0200] "GET /user/add HTTP/1.1" 200 266 "-" "Mozilla/5.0 (X11; Ubuntu; Linux x86_64; rv:70.0) Gecko/20100101 Firefox/70.0"
::1 - - [30/Sep/2019:11:39:01 +0200] "GET /user/add HTTP/1.1" 200 266 "-" "Mozilla/5.0 (X11; Ubuntu; Linux x86_64; rv:70.0) Gecko/20100101 Firefox/70.0"
::1 - - [30/Sep/2019:11:39:02 +0200] "GET /user/add HTTP/1.1" 200 266 "-" "Mozilla/5.0 (X11; Ubuntu; Linux x86_64; rv:70.0) Gecko/20100101 Firefox/70.0"
::1 - - [30/Sep/2019:11:39:03 +0200] "GET /user/add HTTP/1.1" 200 266 "-" "Mozilla/5.0 (X11; Ubuntu; Linux x86_64; rv:70.0) Gecko/20100101 Firefox/70.0"
::1 - - [30/Sep/2019:11:50:07 +0200] "GET /login HTTP/1.1" 200 813 "-" "Mozilla/5.0 (X11; Ubuntu; Linux x86_64; rv:70.0) Gecko/20100101 Firefox/70.0"
::1 - - [30/Sep/2019:11:50:22 +0200] "POST /login HTTP/1.1" 500 487016 "http://telemedico/login" "Mozilla/5.0 (X11; Ubuntu; Linux x86_64; rv:70.0) Gecko/20100101 Firefox/70.0"
::1 - - [30/Sep/2019:11:51:23 +0200] "POST /login HTTP/1.1" 500 52727 "http://telemedico/login" "Mozilla/5.0 (X11; Ubuntu; Linux x86_64; rv:70.0) Gecko/20100101 Firefox/70.0"
::1 - - [30/Sep/2019:11:52:23 +0200] "POST /login HTTP/1.1" 302 569 "http://telemedico/login" "Mozilla/5.0 (X11; Ubuntu; Linux x86_64; rv:70.0) Gecko/20100101 Firefox/70.0"
::1 - - [30/Sep/2019:11:52:23 +0200] "GET /login HTTP/1.1" 200 785 "http://telemedico/login" "Mozilla/5.0 (X11; Ubuntu; Linux x86_64; rv:70.0) Gecko/20100101 Firefox/70.0"
::1 - - [30/Sep/2019:12:23:12 +0200] "POST /login HTTP/1.1" 302 569 "http://telemedico/login" "Mozilla/5.0 (X11; Ubuntu; Linux x86_64; rv:70.0) Gecko/20100101 Firefox/70.0"
::1 - - [30/Sep/2019:12:23:12 +0200] "GET /login HTTP/1.1" 200 785 "http://telemedico/login" "Mozilla/5.0 (X11; Ubuntu; Linux x86_64; rv:70.0) Gecko/20100101 Firefox/70.0"
::1 - - [30/Sep/2019:12:23:16 +0200] "POST /login HTTP/1.1" 302 568 "http://telemedico/login" "Mozilla/5.0 (X11; Ubuntu; Linux x86_64; rv:70.0) Gecko/20100101 Firefox/70.0"
::1 - - [30/Sep/2019:12:23:16 +0200] "GET /login HTTP/1.1" 200 785 "http://telemedico/login" "Mozilla/5.0 (X11; Ubuntu; Linux x86_64; rv:70.0) Gecko/20100101 Firefox/70.0"
::1 - - [30/Sep/2019:12:23:17 +0200] "POST /login HTTP/1.1" 302 568 "http://telemedico/login" "Mozilla/5.0 (X11; Ubuntu; Linux x86_64; rv:70.0) Gecko/20100101 Firefox/70.0"
::1 - - [30/Sep/2019:12:23:17 +0200] "GET /login HTTP/1.1" 200 785 "http://telemedico/login" "Mozilla/5.0 (X11; Ubuntu; Linux x86_64; rv:70.0) Gecko/20100101 Firefox/70.0"
::1 - - [30/Sep/2019:12:23:19 +0200] "POST /login HTTP/1.1" 302 568 "http://telemedico/login" "Mozilla/5.0 (X11; Ubuntu; Linux x86_64; rv:70.0) Gecko/20100101 Firefox/70.0"
::1 - - [30/Sep/2019:12:23:19 +0200] "GET /login HTTP/1.1" 200 785 "http://telemedico/login" "Mozilla/5.0 (X11; Ubuntu; Linux x86_64; rv:70.0) Gecko/20100101 Firefox/70.0"
::1 - - [30/Sep/2019:12:23:56 +0200] "GET /user/add HTTP/1.1" 200 267 "-" "Mozilla/5.0 (X11; Ubuntu; Linux x86_64; rv:70.0) Gecko/20100101 Firefox/70.0"
::1 - - [30/Sep/2019:12:24:15 +0200] "GET /user/add HTTP/1.1" 200 267 "-" "Mozilla/5.0 (X11; Ubuntu; Linux x86_64; rv:70.0) Gecko/20100101 Firefox/70.0"
::1 - - [30/Sep/2019:12:24:16 +0200] "GET /user/add HTTP/1.1" 200 266 "-" "Mozilla/5.0 (X11; Ubuntu; Linux x86_64; rv:70.0) Gecko/20100101 Firefox/70.0"
::1 - - [30/Sep/2019:12:24:56 +0200] "POST /login HTTP/1.1" 500 146549 "http://telemedico/login" "Mozilla/5.0 (X11; Ubuntu; Linux x86_64; rv:70.0) Gecko/20100101 Firefox/70.0"
::1 - - [30/Sep/2019:12:26:38 +0200] "POST /login HTTP/1.1" 500 146549 "http://telemedico/login" "Mozilla/5.0 (X11; Ubuntu; Linux x86_64; rv:70.0) Gecko/20100101 Firefox/70.0"
::1 - - [30/Sep/2019:12:26:44 +0200] "GET /login HTTP/1.1" 200 801 "-" "Mozilla/5.0 (X11; Ubuntu; Linux x86_64; rv:70.0) Gecko/20100101 Firefox/70.0"
::1 - - [30/Sep/2019:12:26:50 +0200] "GET /logout HTTP/1.1" 302 728 "http://telemedico/login" "Mozilla/5.0 (X11; Ubuntu; Linux x86_64; rv:70.0) Gecko/20100101 Firefox/70.0"
::1 - - [30/Sep/2019:12:26:50 +0200] "GET / HTTP/1.1" 404 4353 "http://telemedico/login" "Mozilla/5.0 (X11; Ubuntu; Linux x86_64; rv:70.0) Gecko/20100101 Firefox/70.0"
::1 - - [30/Sep/2019:12:26:54 +0200] "GET /login HTTP/1.1" 200 813 "-" "Mozilla/5.0 (X11; Ubuntu; Linux x86_64; rv:70.0) Gecko/20100101 Firefox/70.0"
::1 - - [30/Sep/2019:12:26:58 +0200] "POST /login HTTP/1.1" 500 146549 "http://telemedico/login" "Mozilla/5.0 (X11; Ubuntu; Linux x86_64; rv:70.0) Gecko/20100101 Firefox/70.0"
::1 - - [30/Sep/2019:12:32:03 +0200] "POST /user/add HTTP/1.1" 200 442 "-" "Mozilla/5.0 (X11; Ubuntu; Linux x86_64; rv:70.0) Gecko/20100101 Firefox/70.0"
::1 - - [30/Sep/2019:12:32:18 +0200] "POST /user/add HTTP/1.1" 200 442 "-" "Mozilla/5.0 (X11; Ubuntu; Linux x86_64; rv:70.0) Gecko/20100101 Firefox/70.0"
::1 - - [30/Sep/2019:12:32:24 +0200] "POST /user/add HTTP/1.1" 200 442 "-" "Mozilla/5.0 (X11; Ubuntu; Linux x86_64; rv:70.0) Gecko/20100101 Firefox/70.0"
::1 - - [30/Sep/2019:12:32:28 +0200] "POST /user/add HTTP/1.1" 200 441 "-" "Mozilla/5.0 (X11; Ubuntu; Linux x86_64; rv:70.0) Gecko/20100101 Firefox/70.0"
::1 - - [30/Sep/2019:12:35:37 +0200] "POST /login HTTP/1.1" 500 146549 "http://telemedico/login" "Mozilla/5.0 (X11; Ubuntu; Linux x86_64; rv:70.0) Gecko/20100101 Firefox/70.0"
::1 - - [30/Sep/2019:12:35:42 +0200] "POST /user/add HTTP/1.1" 500 90516 "-" "Mozilla/5.0 (X11; Ubuntu; Linux x86_64; rv:70.0) Gecko/20100101 Firefox/70.0"
::1 - - [30/Sep/2019:12:40:28 +0200] "POST /user/add HTTP/1.1" 500 90516 "-" "Mozilla/5.0 (X11; Ubuntu; Linux x86_64; rv:70.0) Gecko/20100101 Firefox/70.0"
::1 - - [30/Sep/2019:12:44:53 +0200] "POST /user/add HTTP/1.1" 500 77565 "-" "Mozilla/5.0 (X11; Ubuntu; Linux x86_64; rv:70.0) Gecko/20100101 Firefox/70.0"
::1 - - [30/Sep/2019:12:46:37 +0200] "GET /user/add HTTP/1.1" 200 333 "-" "Mozilla/5.0 (X11; Ubuntu; Linux x86_64; rv:70.0) Gecko/20100101 Firefox/70.0"
::1 - - [30/Sep/2019:12:46:49 +0200] "GET /user/add HTTP/1.1" 200 333 "-" "Mozilla/5.0 (X11; Ubuntu; Linux x86_64; rv:70.0) Gecko/20100101 Firefox/70.0"
::1 - - [30/Sep/2019:12:46:50 +0200] "GET /user/add HTTP/1.1" 200 332 "-" "Mozilla/5.0 (X11; Ubuntu; Linux x86_64; rv:70.0) Gecko/20100101 Firefox/70.0"
::1 - - [30/Sep/2019:12:46:51 +0200] "GET /user/add HTTP/1.1" 200 332 "-" "Mozilla/5.0 (X11; Ubuntu; Linux x86_64; rv:70.0) Gecko/20100101 Firefox/70.0"
::1 - - [30/Sep/2019:12:46:52 +0200] "GET /user/add HTTP/1.1" 200 332 "-" "Mozilla/5.0 (X11; Ubuntu; Linux x86_64; rv:70.0) Gecko/20100101 Firefox/70.0"
::1 - - [30/Sep/2019:12:46:57 +0200] "POST /user/add HTTP/1.1" 200 318 "-" "Mozilla/5.0 (X11; Ubuntu; Linux x86_64; rv:70.0) Gecko/20100101 Firefox/70.0"
::1 - - [30/Sep/2019:12:47:04 +0200] "POST /user/add HTTP/1.1" 200 428 "-" "Mozilla/5.0 (X11; Ubuntu; Linux x86_64; rv:70.0) Gecko/20100101 Firefox/70.0"
::1 - - [30/Sep/2019:12:52:49 +0200] "POST /user/add HTTP/1.1" 200 428 "-" "Mozilla/5.0 (X11; Ubuntu; Linux x86_64; rv:70.0) Gecko/20100101 Firefox/70.0"
::1 - - [30/Sep/2019:12:55:01 +0200] "POST /user/add HTTP/1.1" 200 430 "-" "Mozilla/5.0 (X11; Ubuntu; Linux x86_64; rv:70.0) Gecko/20100101 Firefox/70.0"
::1 - - [30/Sep/2019:12:55:08 +0200] "POST /user/add HTTP/1.1" 200 428 "-" "Mozilla/5.0 (X11; Ubuntu; Linux x86_64; rv:70.0) Gecko/20100101 Firefox/70.0"
::1 - - [30/Sep/2019:12:55:27 +0200] "POST /user/add HTTP/1.1" 200 428 "-" "Mozilla/5.0 (X11; Ubuntu; Linux x86_64; rv:70.0) Gecko/20100101 Firefox/70.0"
::1 - - [30/Sep/2019:12:55:36 +0200] "POST /user/add HTTP/1.1" 200 428 "-" "Mozilla/5.0 (X11; Ubuntu; Linux x86_64; rv:70.0) Gecko/20100101 Firefox/70.0"
::1 - - [30/Sep/2019:12:55:48 +0200] "POST /login HTTP/1.1" 500 146549 "http://telemedico/login" "Mozilla/5.0 (X11; Ubuntu; Linux x86_64; rv:70.0) Gecko/20100101 Firefox/70.0"
::1 - - [30/Sep/2019:13:12:27 +0200] "POST /user/add HTTP/1.1" 200 428 "-" "Mozilla/5.0 (X11; Ubuntu; Linux x86_64; rv:70.0) Gecko/20100101 Firefox/70.0"
::1 - - [30/Sep/2019:13:13:28 +0200] "GET / HTTP/1.1" 404 4354 "-" "Mozilla/5.0 (X11; Ubuntu; Linux x86_64; rv:70.0) Gecko/20100101 Firefox/70.0"
::1 - - [30/Sep/2019:13:13:40 +0200] "GET /user/ HTTP/1.1" 404 189185 "-" "Mozilla/5.0 (X11; Ubuntu; Linux x86_64; rv:70.0) Gecko/20100101 Firefox/70.0"
::1 - - [30/Sep/2019:13:16:16 +0200] "GET /user/login HTTP/1.1" 200 286 "-" "Mozilla/5.0 (X11; Ubuntu; Linux x86_64; rv:70.0) Gecko/20100101 Firefox/70.0"
::1 - - [30/Sep/2019:13:16:33 +0200] "GET /user/login HTTP/1.1" 200 286 "-" "Mozilla/5.0 (X11; Ubuntu; Linux x86_64; rv:70.0) Gecko/20100101 Firefox/70.0"
::1 - - [30/Sep/2019:13:18:08 +0200] "GET /user/login HTTP/1.1" 200 299 "-" "Mozilla/5.0 (X11; Ubuntu; Linux x86_64; rv:70.0) Gecko/20100101 Firefox/70.0"
::1 - - [30/Sep/2019:13:18:55 +0200] "GET /user/login HTTP/1.1" 200 299 "-" "Mozilla/5.0 (X11; Ubuntu; Linux x86_64; rv:70.0) Gecko/20100101 Firefox/70.0"
::1 - - [30/Sep/2019:13:20:27 +0200] "GET /user/login HTTP/1.1" 200 294 "-" "Mozilla/5.0 (X11; Ubuntu; Linux x86_64; rv:70.0) Gecko/20100101 Firefox/70.0"
::1 - - [30/Sep/2019:13:20:51 +0200] "GET /user/login HTTP/1.1" 200 294 "-" "Mozilla/5.0 (X11; Ubuntu; Linux x86_64; rv:70.0) Gecko/20100101 Firefox/70.0"
::1 - - [30/Sep/2019:13:20:52 +0200] "GET /user/login HTTP/1.1" 200 293 "-" "Mozilla/5.0 (X11; Ubuntu; Linux x86_64; rv:70.0) Gecko/20100101 Firefox/70.0"
::1 - - [30/Sep/2019:13:20:52 +0200] "GET /user/login HTTP/1.1" 200 293 "-" "Mozilla/5.0 (X11; Ubuntu; Linux x86_64; rv:70.0) Gecko/20100101 Firefox/70.0"
::1 - - [30/Sep/2019:13:20:53 +0200] "GET /user/login HTTP/1.1" 200 293 "-" "Mozilla/5.0 (X11; Ubuntu; Linux x86_64; rv:70.0) Gecko/20100101 Firefox/70.0"
::1 - - [30/Sep/2019:13:20:54 +0200] "GET /user/login HTTP/1.1" 200 293 "-" "Mozilla/5.0 (X11; Ubuntu; Linux x86_64; rv:70.0) Gecko/20100101 Firefox/70.0"
::1 - - [30/Sep/2019:13:21:06 +0200] "POST /user/login HTTP/1.1" 200 294 "-" "Mozilla/5.0 (X11; Ubuntu; Linux x86_64; rv:70.0) Gecko/20100101 Firefox/70.0"
::1 - - [30/Sep/2019:13:21:53 +0200] "GET /user/login HTTP/1.1" 200 550 "-" "Mozilla/5.0 (X11; Ubuntu; Linux x86_64; rv:70.0) Gecko/20100101 Firefox/70.0"
::1 - - [30/Sep/2019:13:22:03 +0200] "POST /user/login HTTP/1.1" 200 550 "-" "Mozilla/5.0 (X11; Ubuntu; Linux x86_64; rv:70.0) Gecko/20100101 Firefox/70.0"
::1 - - [30/Sep/2019:13:22:13 +0200] "POST /user/login HTTP/1.1" 200 550 "-" "Mozilla/5.0 (X11; Ubuntu; Linux x86_64; rv:70.0) Gecko/20100101 Firefox/70.0"
::1 - - [30/Sep/2019:13:23:40 +0200] "GET /user/login HTTP/1.1" 200 314 "-" "Mozilla/5.0 (X11; Ubuntu; Linux x86_64; rv:70.0) Gecko/20100101 Firefox/70.0"
::1 - - [30/Sep/2019:13:23:41 +0200] "GET /user/login HTTP/1.1" 200 313 "-" "Mozilla/5.0 (X11; Ubuntu; Linux x86_64; rv:70.0) Gecko/20100101 Firefox/70.0"
::1 - - [30/Sep/2019:13:24:30 +0200] "GET /user/login HTTP/1.1" 200 324 "-" "Mozilla/5.0 (X11; Ubuntu; Linux x86_64; rv:70.0) Gecko/20100101 Firefox/70.0"
::1 - - [30/Sep/2019:13:24:59 +0200] "GET /user/login HTTP/1.1" 200 345 "-" "Mozilla/5.0 (X11; Ubuntu; Linux x86_64; rv:70.0) Gecko/20100101 Firefox/70.0"
::1 - - [30/Sep/2019:13:25:43 +0200] "GET /user/login HTTP/1.1" 200 333 "-" "Mozilla/5.0 (X11; Ubuntu; Linux x86_64; rv:70.0) Gecko/20100101 Firefox/70.0"
::1 - - [30/Sep/2019:13:26:39 +0200] "GET /user/login HTTP/1.1" 200 333 "-" "Mozilla/5.0 (X11; Ubuntu; Linux x86_64; rv:70.0) Gecko/20100101 Firefox/70.0"
::1 - - [30/Sep/2019:13:27:00 +0200] "GET /user/login HTTP/1.1" 200 333 "-" "Mozilla/5.0 (X11; Ubuntu; Linux x86_64; rv:70.0) Gecko/20100101 Firefox/70.0"
::1 - - [30/Sep/2019:13:33:48 +0200] "POST /user/login HTTP/1.1" 200 333 "-" "Mozilla/5.0 (X11; Ubuntu; Linux x86_64; rv:70.0) Gecko/20100101 Firefox/70.0"
::1 - - [30/Sep/2019:13:33:52 +0200] "POST /user/login HTTP/1.1" 200 332 "-" "Mozilla/5.0 (X11; Ubuntu; Linux x86_64; rv:70.0) Gecko/20100101 Firefox/70.0"
::1 - - [30/Sep/2019:13:33:53 +0200] "POST /user/login HTTP/1.1" 200 332 "-" "Mozilla/5.0 (X11; Ubuntu; Linux x86_64; rv:70.0) Gecko/20100101 Firefox/70.0"
::1 - - [30/Sep/2019:13:34:39 +0200] "POST /user/login HTTP/1.1" 500 96404 "-" "Mozilla/5.0 (X11; Ubuntu; Linux x86_64; rv:70.0) Gecko/20100101 Firefox/70.0"
::1 - - [30/Sep/2019:13:35:04 +0200] "POST /user/login HTTP/1.1" 200 333 "-" "Mozilla/5.0 (X11; Ubuntu; Linux x86_64; rv:70.0) Gecko/20100101 Firefox/70.0"
::1 - - [30/Sep/2019:13:36:20 +0200] "GET /user/login HTTP/1.1" 200 346 "-" "Mozilla/5.0 (X11; Ubuntu; Linux x86_64; rv:70.0) Gecko/20100101 Firefox/70.0"
::1 - - [30/Sep/2019:13:38:31 +0200] "GET /user/logout HTTP/1.1" 500 77136 "-" "Mozilla/5.0 (X11; Ubuntu; Linux x86_64; rv:70.0) Gecko/20100101 Firefox/70.0"
::1 - - [30/Sep/2019:13:38:59 +0200] "GET /user/logout HTTP/1.1" 200 295 "-" "Mozilla/5.0 (X11; Ubuntu; Linux x86_64; rv:70.0) Gecko/20100101 Firefox/70.0"
::1 - - [30/Sep/2019:13:39:06 +0200] "GET /user/login HTTP/1.1" 200 346 "-" "Mozilla/5.0 (X11; Ubuntu; Linux x86_64; rv:70.0) Gecko/20100101 Firefox/70.0"
::1 - - [30/Sep/2019:13:39:24 +0200] "GET /user/login HTTP/1.1" 200 333 "-" "Mozilla/5.0 (X11; Ubuntu; Linux x86_64; rv:70.0) Gecko/20100101 Firefox/70.0"
::1 - - [30/Sep/2019:13:39:26 +0200] "GET /user/login HTTP/1.1" 200 332 "-" "Mozilla/5.0 (X11; Ubuntu; Linux x86_64; rv:70.0) Gecko/20100101 Firefox/70.0"
::1 - - [30/Sep/2019:13:39:33 +0200] "GET /user/logout HTTP/1.1" 200 295 "-" "Mozilla/5.0 (X11; Ubuntu; Linux x86_64; rv:70.0) Gecko/20100101 Firefox/70.0"
::1 - - [30/Sep/2019:13:39:50 +0200] "GET /user/login HTTP/1.1" 200 333 "-" "Mozilla/5.0 (X11; Ubuntu; Linux x86_64; rv:70.0) Gecko/20100101 Firefox/70.0"
::1 - - [30/Sep/2019:19:20:15 +0200] "GET /user/login HTTP/1.1" 200 426 "-" "Mozilla/5.0 (X11; Ubuntu; Linux x86_64; rv:70.0) Gecko/20100101 Firefox/70.0"
::1 - - [30/Sep/2019:19:20:42 +0200] "GET /user/login HTTP/1.1" 200 327 "-" "Mozilla/5.0 (X11; Ubuntu; Linux x86_64; rv:70.0) Gecko/20100101 Firefox/70.0"
::1 - - [30/Sep/2019:19:30:58 +0200] "GET /user/login HTTP/1.1" 200 327 "-" "Mozilla/5.0 (X11; Ubuntu; Linux x86_64; rv:70.0) Gecko/20100101 Firefox/70.0"
::1 - - [30/Sep/2019:19:31:56 +0200] "GET /user/login HTTP/1.1" 200 327 "-" "Mozilla/5.0 (X11; Ubuntu; Linux x86_64; rv:70.0) Gecko/20100101 Firefox/70.0"
::1 - - [30/Sep/2019:19:32:03 +0200] "GET /user/add HTTP/1.1" 200 315 "-" "Mozilla/5.0 (X11; Ubuntu; Linux x86_64; rv:70.0) Gecko/20100101 Firefox/70.0"
::1 - - [30/Sep/2019:19:32:10 +0200] "GET /user/add HTTP/1.1" 200 315 "-" "Mozilla/5.0 (X11; Ubuntu; Linux x86_64; rv:70.0) Gecko/20100101 Firefox/70.0"
::1 - - [30/Sep/2019:19:33:08 +0200] "GET /user/add HTTP/1.1" 200 315 "-" "Mozilla/5.0 (X11; Ubuntu; Linux x86_64; rv:70.0) Gecko/20100101 Firefox/70.0"
::1 - - [30/Sep/2019:19:33:54 +0200] "GET /user/add HTTP/1.1" 200 315 "-" "Mozilla/5.0 (X11; Ubuntu; Linux x86_64; rv:70.0) Gecko/20100101 Firefox/70.0"
::1 - - [30/Sep/2019:19:33:56 +0200] "GET /user/add HTTP/1.1" 200 314 "-" "Mozilla/5.0 (X11; Ubuntu; Linux x86_64; rv:70.0) Gecko/20100101 Firefox/70.0"
::1 - - [30/Sep/2019:19:33:57 +0200] "GET /user/add HTTP/1.1" 200 314 "-" "Mozilla/5.0 (X11; Ubuntu; Linux x86_64; rv:70.0) Gecko/20100101 Firefox/70.0"
::1 - - [30/Sep/2019:19:35:14 +0200] "PUT /user/add HTTP/1.1" 200 512 "-" "Mozilla/5.0 (X11; Ubuntu; Linux x86_64; rv:70.0) Gecko/20100101 Firefox/70.0"
::1 - - [30/Sep/2019:19:36:01 +0200] "PUT /user/add HTTP/1.1" 200 410 "-" "Mozilla/5.0 (X11; Ubuntu; Linux x86_64; rv:70.0) Gecko/20100101 Firefox/70.0"
::1 - - [30/Sep/2019:19:36:06 +0200] "PUT /user/add HTTP/1.1" 200 409 "-" "Mozilla/5.0 (X11; Ubuntu; Linux x86_64; rv:70.0) Gecko/20100101 Firefox/70.0"
::1 - - [30/Sep/2019:19:36:40 +0200] "PUT /user/add/paul.piotr@gmail.com/123 HTTP/1.1" 404 189356 "-" "Mozilla/5.0 (X11; Ubuntu; Linux x86_64; rv:70.0) Gecko/20100101 Firefox/70.0"
::1 - - [30/Sep/2019:19:38:59 +0200] "PUT /user/add/paul.piotr@gmail.com/123 HTTP/1.1" 200 410 "-" "Mozilla/5.0 (X11; Ubuntu; Linux x86_64; rv:70.0) Gecko/20100101 Firefox/70.0"
::1 - - [30/Sep/2019:19:52:43 +0200] "PUT /user/add/paul.piotr@gmail.com/123 HTTP/1.1" 200 430 "-" "Mozilla/5.0 (X11; Ubuntu; Linux x86_64; rv:70.0) Gecko/20100101 Firefox/70.0"
::1 - - [30/Sep/2019:19:53:15 +0200] "PUT /user/add/paul.piotr@gmail.com/123 HTTP/1.1" 200 432 "-" "Mozilla/5.0 (X11; Ubuntu; Linux x86_64; rv:70.0) Gecko/20100101 Firefox/70.0"
::1 - - [30/Sep/2019:19:53:53 +0200] "PUT /user/add/paul.piotr@gmail.com/123 HTTP/1.1" 200 437 "-" "Mozilla/5.0 (X11; Ubuntu; Linux x86_64; rv:70.0) Gecko/20100101 Firefox/70.0"
::1 - - [30/Sep/2019:19:55:17 +0200] "PUT /user/add/paul.piotr@gmail.com/123 HTTP/1.1" 200 437 "-" "Mozilla/5.0 (X11; Ubuntu; Linux x86_64; rv:70.0) Gecko/20100101 Firefox/70.0"
::1 - - [30/Sep/2019:19:55:21 +0200] "GET /user/add/paul.piotr@gmail.com/123 HTTP/1.1" 200 341 "-" "Mozilla/5.0 (X11; Ubuntu; Linux x86_64; rv:70.0) Gecko/20100101 Firefox/70.0"
::1 - - [30/Sep/2019:19:55:32 +0200] "GET /user/add/paul.piotr@gmail.com/123 HTTP/1.1" 200 231 "-" "Mozilla/5.0 (X11; Ubuntu; Linux x86_64; rv:70.0) Gecko/20100101 Firefox/70.0"
::1 - - [30/Sep/2019:19:57:32 +0200] "PUT /user/add/paul.piotr@gmail.com/123 HTTP/1.1" 200 410 "-" "Mozilla/5.0 (X11; Ubuntu; Linux x86_64; rv:70.0) Gecko/20100101 Firefox/70.0"
::1 - - [30/Sep/2019:19:57:37 +0200] "PUT /user/add/paul.piotr@gmail.com/123 HTTP/1.1" 200 409 "-" "Mozilla/5.0 (X11; Ubuntu; Linux x86_64; rv:70.0) Gecko/20100101 Firefox/70.0"
::1 - - [30/Sep/2019:19:57:39 +0200] "PUT /user/add/paul.piotr@gmail.com/123 HTTP/1.1" 200 409 "-" "Mozilla/5.0 (X11; Ubuntu; Linux x86_64; rv:70.0) Gecko/20100101 Firefox/70.0"
::1 - - [30/Sep/2019:19:57:52 +0200] "PUT /user/add/paul.piotr@gmail.com/123 HTTP/1.1" 200 231 "-" "Mozilla/5.0 (X11; Ubuntu; Linux x86_64; rv:70.0) Gecko/20100101 Firefox/70.0"
::1 - - [30/Sep/2019:19:59:46 +0200] "PUT /user/login/paul.piotr@gmail.com/123 HTTP/1.1" 404 189368 "-" "Mozilla/5.0 (X11; Ubuntu; Linux x86_64; rv:70.0) Gecko/20100101 Firefox/70.0"
::1 - - [30/Sep/2019:20:00:05 +0200] "PUT /user/login/paul.piotr@gmail.com/123 HTTP/1.1" 200 327 "-" "Mozilla/5.0 (X11; Ubuntu; Linux x86_64; rv:70.0) Gecko/20100101 Firefox/70.0"
::1 - - [30/Sep/2019:20:00:23 +0200] "GET /user/login/paul.piotr@gmail.com/123 HTTP/1.1" 200 327 "-" "Mozilla/5.0 (X11; Ubuntu; Linux x86_64; rv:70.0) Gecko/20100101 Firefox/70.0"
::1 - - [30/Sep/2019:20:02:16 +0200] "GET /user/add/paul.piotr@gmail.com/123 HTTP/1.1" 200 315 "-" "Mozilla/5.0 (X11; Ubuntu; Linux x86_64; rv:70.0) Gecko/20100101 Firefox/70.0"
::1 - - [30/Sep/2019:20:02:25 +0200] "GET /user/login/paul.piotr@gmail.com/123 HTTP/1.1" 200 327 "-" "Mozilla/5.0 (X11; Ubuntu; Linux x86_64; rv:70.0) Gecko/20100101 Firefox/70.0"
::1 - - [30/Sep/2019:20:02:30 +0200] "GET /user/login/paul.piotr@gmail.com/123 HTTP/1.1" 200 327 "-" "Mozilla/5.0 (X11; Ubuntu; Linux x86_64; rv:70.0) Gecko/20100101 Firefox/70.0"
::1 - - [30/Sep/2019:20:02:31 +0200] "GET /user/login/paul.piotr@gmail.com/123 HTTP/1.1" 200 326 "-" "Mozilla/5.0 (X11; Ubuntu; Linux x86_64; rv:70.0) Gecko/20100101 Firefox/70.0"
::1 - - [30/Sep/2019:20:03:36 +0200] "GET /user/login/paul.piotr@gmail.com/123 HTTP/1.1" 500 17645 "-" "Mozilla/5.0 (X11; Ubuntu; Linux x86_64; rv:70.0) Gecko/20100101 Firefox/70.0"
::1 - - [30/Sep/2019:20:03:41 +0200] "GET /user/login/paul.piotr@gmail.com/123 HTTP/1.1" 500 80705 "-" "Mozilla/5.0 (X11; Ubuntu; Linux x86_64; rv:70.0) Gecko/20100101 Firefox/70.0"
::1 - - [30/Sep/2019:20:05:21 +0200] "GET /user/login/paul.piotr@gmail.com/123 HTTP/1.1" 200 277 "-" "Mozilla/5.0 (X11; Ubuntu; Linux x86_64; rv:70.0) Gecko/20100101 Firefox/70.0"
::1 - - [30/Sep/2019:20:06:27 +0200] "GET /user/login/paul.piotr@gmail.com/123 HTTP/1.1" 200 278 "-" "Mozilla/5.0 (X11; Ubuntu; Linux x86_64; rv:70.0) Gecko/20100101 Firefox/70.0"
::1 - - [30/Sep/2019:20:07:18 +0200] "GET /user/login/paul.piotr@gmail.com/123 HTTP/1.1" 200 278 "-" "Mozilla/5.0 (X11; Ubuntu; Linux x86_64; rv:70.0) Gecko/20100101 Firefox/70.0"
::1 - - [30/Sep/2019:20:25:01 +0200] "GET /user/login/paul.piotr@gmail.com/123 HTTP/1.1" 200 278 "-" "Mozilla/5.0 (X11; Ubuntu; Linux x86_64; rv:70.0) Gecko/20100101 Firefox/70.0"
::1 - - [30/Sep/2019:20:26:37 +0200] "GET /user/login/paul.piotr@gmail.com/123 HTTP/1.1" 200 278 "-" "Mozilla/5.0 (X11; Ubuntu; Linux x86_64; rv:70.0) Gecko/20100101 Firefox/70.0"
::1 - - [30/Sep/2019:20:26:48 +0200] "GET /user/login/paul.piotr@gmail.com/123 HTTP/1.1" 200 278 "-" "Mozilla/5.0 (X11; Ubuntu; Linux x86_64; rv:70.0) Gecko/20100101 Firefox/70.0"
::1 - - [30/Sep/2019:20:27:00 +0200] "GET /user/login/paul.piotr@gmail.coma/123 HTTP/1.1" 401 322 "-" "Mozilla/5.0 (X11; Ubuntu; Linux x86_64; rv:70.0) Gecko/20100101 Firefox/70.0"
::1 - - [30/Sep/2019:20:27:31 +0200] "GET /user/login/paul.piotr@gmail.com/123 HTTP/1.1" 200 278 "-" "Mozilla/5.0 (X11; Ubuntu; Linux x86_64; rv:70.0) Gecko/20100101 Firefox/70.0"
::1 - - [30/Sep/2019:20:31:34 +0200] "GET /user/login/paul.piotr@gmail.com/123 HTTP/1.1" 500 88299 "-" "Mozilla/5.0 (X11; Ubuntu; Linux x86_64; rv:70.0) Gecko/20100101 Firefox/70.0"
::1 - - [30/Sep/2019:20:32:44 +0200] "GET /user/login/paul.piotr@gmail.com/123 HTTP/1.1" 500 88558 "-" "Mozilla/5.0 (X11; Ubuntu; Linux x86_64; rv:70.0) Gecko/20100101 Firefox/70.0"
::1 - - [30/Sep/2019:20:33:25 +0200] "GET /user/login/paul.piotr@gmail.com/123 HTTP/1.1" 500 88558 "-" "Mozilla/5.0 (X11; Ubuntu; Linux x86_64; rv:70.0) Gecko/20100101 Firefox/70.0"
::1 - - [30/Sep/2019:20:34:08 +0200] "GET /user/login/paul.piotr@gmail.com/123 HTTP/1.1" 500 88572 "-" "Mozilla/5.0 (X11; Ubuntu; Linux x86_64; rv:70.0) Gecko/20100101 Firefox/70.0"
::1 - - [30/Sep/2019:20:34:15 +0200] "GET /user/login/paul.piotr@gmail.com/123 HTTP/1.1" 500 88548 "-" "Mozilla/5.0 (X11; Ubuntu; Linux x86_64; rv:70.0) Gecko/20100101 Firefox/70.0"
::1 - - [30/Sep/2019:20:34:54 +0200] "GET /user/login/paul.piotr@gmail.com/123 HTTP/1.1" 500 82844 "-" "Mozilla/5.0 (X11; Ubuntu; Linux x86_64; rv:70.0) Gecko/20100101 Firefox/70.0"
::1 - - [30/Sep/2019:20:34:55 +0200] "GET /user/login/paul.piotr@gmail.com/123 HTTP/1.1" 500 82844 "-" "Mozilla/5.0 (X11; Ubuntu; Linux x86_64; rv:70.0) Gecko/20100101 Firefox/70.0"
::1 - - [30/Sep/2019:20:34:56 +0200] "GET /user/login/paul.piotr@gmail.com/123 HTTP/1.1" 500 82844 "-" "Mozilla/5.0 (X11; Ubuntu; Linux x86_64; rv:70.0) Gecko/20100101 Firefox/70.0"
::1 - - [30/Sep/2019:20:34:56 +0200] "GET /user/login/paul.piotr@gmail.com/123 HTTP/1.1" 500 82844 "-" "Mozilla/5.0 (X11; Ubuntu; Linux x86_64; rv:70.0) Gecko/20100101 Firefox/70.0"
::1 - - [30/Sep/2019:20:34:56 +0200] "GET /user/login/paul.piotr@gmail.com/123 HTTP/1.1" 500 82844 "-" "Mozilla/5.0 (X11; Ubuntu; Linux x86_64; rv:70.0) Gecko/20100101 Firefox/70.0"
::1 - - [30/Sep/2019:20:35:50 +0200] "GET /user/login/paul.piotr@gmail.com/123 HTTP/1.1" 200 338 "-" "Mozilla/5.0 (X11; Ubuntu; Linux x86_64; rv:70.0) Gecko/20100101 Firefox/70.0"
::1 - - [30/Sep/2019:20:36:03 +0200] "GET /user/login/paul.piotr@gmail.com/123 HTTP/1.1" 200 264 "-" "Mozilla/5.0 (X11; Ubuntu; Linux x86_64; rv:70.0) Gecko/20100101 Firefox/70.0"
::1 - - [30/Sep/2019:20:36:06 +0200] "GET /user/login/paul.piotr@gmail.com/123 HTTP/1.1" 200 263 "-" "Mozilla/5.0 (X11; Ubuntu; Linux x86_64; rv:70.0) Gecko/20100101 Firefox/70.0"
::1 - - [30/Sep/2019:20:36:07 +0200] "GET /user/login/paul.piotr@gmail.com/123 HTTP/1.1" 200 263 "-" "Mozilla/5.0 (X11; Ubuntu; Linux x86_64; rv:70.0) Gecko/20100101 Firefox/70.0"
::1 - - [30/Sep/2019:20:37:15 +0200] "GET /user/login/paul.piotr@gmail.com/123 HTTP/1.1" 200 416 "-" "Mozilla/5.0 (X11; Ubuntu; Linux x86_64; rv:70.0) Gecko/20100101 Firefox/70.0"
::1 - - [30/Sep/2019:20:38:25 +0200] "GET /user/login/paul.piotr@gmail.com/123 HTTP/1.1" 500 89288 "-" "Mozilla/5.0 (X11; Ubuntu; Linux x86_64; rv:70.0) Gecko/20100101 Firefox/70.0"
::1 - - [30/Sep/2019:20:38:26 +0200] "GET /user/login/paul.piotr@gmail.com/123 HTTP/1.1" 500 89288 "-" "Mozilla/5.0 (X11; Ubuntu; Linux x86_64; rv:70.0) Gecko/20100101 Firefox/70.0"
::1 - - [30/Sep/2019:20:38:26 +0200] "GET /user/login/paul.piotr@gmail.com/123 HTTP/1.1" 500 89288 "-" "Mozilla/5.0 (X11; Ubuntu; Linux x86_64; rv:70.0) Gecko/20100101 Firefox/70.0"
::1 - - [30/Sep/2019:20:38:27 +0200] "GET /user/login/paul.piotr@gmail.com/123 HTTP/1.1" 500 89288 "-" "Mozilla/5.0 (X11; Ubuntu; Linux x86_64; rv:70.0) Gecko/20100101 Firefox/70.0"
::1 - - [30/Sep/2019:20:38:37 +0200] "GET /user/login/paul.piotr@gmail.com/123 HTTP/1.1" 200 343 "-" "Mozilla/5.0 (X11; Ubuntu; Linux x86_64; rv:70.0) Gecko/20100101 Firefox/70.0"
::1 - - [30/Sep/2019:20:38:37 +0200] "GET /user/login/paul.piotr@gmail.com/123 HTTP/1.1" 200 342 "-" "Mozilla/5.0 (X11; Ubuntu; Linux x86_64; rv:70.0) Gecko/20100101 Firefox/70.0"
::1 - - [30/Sep/2019:20:39:01 +0200] "GET /user/login/paul.piotr@gmail.com/123 HTTP/1.1" 200 216 "-" "Mozilla/5.0 (X11; Ubuntu; Linux x86_64; rv:70.0) Gecko/20100101 Firefox/70.0"
::1 - - [30/Sep/2019:20:39:02 +0200] "GET /user/login/paul.piotr@gmail.com/123 HTTP/1.1" 200 215 "-" "Mozilla/5.0 (X11; Ubuntu; Linux x86_64; rv:70.0) Gecko/20100101 Firefox/70.0"
::1 - - [30/Sep/2019:20:39:03 +0200] "GET /user/login/paul.piotr@gmail.com/123 HTTP/1.1" 200 215 "-" "Mozilla/5.0 (X11; Ubuntu; Linux x86_64; rv:70.0) Gecko/20100101 Firefox/70.0"
::1 - - [30/Sep/2019:20:40:04 +0200] "GET /user/login/paul.piotr@gmail.com/123 HTTP/1.1" 500 82731 "-" "Mozilla/5.0 (X11; Ubuntu; Linux x86_64; rv:70.0) Gecko/20100101 Firefox/70.0"
::1 - - [30/Sep/2019:20:40:14 +0200] "GET /user/login/paul.piotr@gmail.com/123 HTTP/1.1" 200 216 "-" "Mozilla/5.0 (X11; Ubuntu; Linux x86_64; rv:70.0) Gecko/20100101 Firefox/70.0"
::1 - - [30/Sep/2019:20:40:16 +0200] "GET /user/login/paul.piotr@gmail.com/123 HTTP/1.1" 200 215 "-" "Mozilla/5.0 (X11; Ubuntu; Linux x86_64; rv:70.0) Gecko/20100101 Firefox/70.0"
::1 - - [30/Sep/2019:20:40:48 +0200] "GET /user/login/paul.piotr@gmail.com/123 HTTP/1.1" 200 216 "-" "Mozilla/5.0 (X11; Ubuntu; Linux x86_64; rv:70.0) Gecko/20100101 Firefox/70.0"
::1 - - [30/Sep/2019:20:40:50 +0200] "GET /user/login/paul.piotr@gmail.com/123 HTTP/1.1" 200 215 "-" "Mozilla/5.0 (X11; Ubuntu; Linux x86_64; rv:70.0) Gecko/20100101 Firefox/70.0"
::1 - - [30/Sep/2019:20:41:02 +0200] "GET /user/login/paul.piotr@gmail.com/123 HTTP/1.1" 200 216 "-" "Mozilla/5.0 (X11; Ubuntu; Linux x86_64; rv:70.0) Gecko/20100101 Firefox/70.0"
::1 - - [30/Sep/2019:20:41:34 +0200] "GET /user/login/paul.piotr@wp.pl/123 HTTP/1.1" 200 215 "-" "Mozilla/5.0 (X11; Ubuntu; Linux x86_64; rv:70.0) Gecko/20100101 Firefox/70.0"
::1 - - [30/Sep/2019:20:42:20 +0200] "GET /user/login/paul.piotr@wp.pl/123 HTTP/1.1" 200 282 "-" "Mozilla/5.0 (X11; Ubuntu; Linux x86_64; rv:70.0) Gecko/20100101 Firefox/70.0"
::1 - - [30/Sep/2019:20:55:54 +0200] "GET /user/add/paul.piotr@gmail.com/123 HTTP/1.1" 200 315 "-" "Mozilla/5.0 (X11; Ubuntu; Linux x86_64; rv:70.0) Gecko/20100101 Firefox/70.0"
::1 - - [30/Sep/2019:20:56:02 +0200] "GET /user/add/paul.piotr@gmail.com/123 HTTP/1.1" 200 315 "-" "Mozilla/5.0 (X11; Ubuntu; Linux x86_64; rv:70.0) Gecko/20100101 Firefox/70.0"
::1 - - [30/Sep/2019:20:56:08 +0200] "GET /user/add/paul.piotr@gmail.com/123 HTTP/1.1" 200 315 "-" "Mozilla/5.0 (X11; Ubuntu; Linux x86_64; rv:70.0) Gecko/20100101 Firefox/70.0"
::1 - - [30/Sep/2019:20:56:23 +0200] "GET /user/add/paul.piotr@gmail.com/123 HTTP/1.1" 200 315 "-" "Mozilla/5.0 (X11; Ubuntu; Linux x86_64; rv:70.0) Gecko/20100101 Firefox/70.0"
::1 - - [30/Sep/2019:20:57:45 +0200] "GET /user/add/paul.piotr@gmail.com/123 HTTP/1.1" 200 315 "-" "Mozilla/5.0 (X11; Ubuntu; Linux x86_64; rv:70.0) Gecko/20100101 Firefox/70.0"
::1 - - [30/Sep/2019:20:57:46 +0200] "GET /user/add/paul.piotr@gmail.com/123 HTTP/1.1" 200 314 "-" "Mozilla/5.0 (X11; Ubuntu; Linux x86_64; rv:70.0) Gecko/20100101 Firefox/70.0"
::1 - - [30/Sep/2019:20:57:46 +0200] "GET /user/add/paul.piotr@gmail.com/123 HTTP/1.1" 200 314 "-" "Mozilla/5.0 (X11; Ubuntu; Linux x86_64; rv:70.0) Gecko/20100101 Firefox/70.0"
::1 - - [30/Sep/2019:20:57:47 +0200] "GET /user/add/paul.piotr@gmail.com/123 HTTP/1.1" 200 314 "-" "Mozilla/5.0 (X11; Ubuntu; Linux x86_64; rv:70.0) Gecko/20100101 Firefox/70.0"
::1 - - [30/Sep/2019:20:58:09 +0200] "PUT /user/add/paul.piotr@gmail.com/123 HTTP/1.1" 200 410 "-" "Mozilla/5.0 (X11; Ubuntu; Linux x86_64; rv:70.0) Gecko/20100101 Firefox/70.0"
::1 - - [30/Sep/2019:20:58:14 +0200] "PUT /user/add/paul.piotr@gmail.com/123 HTTP/1.1" 200 410 "-" "Mozilla/5.0 (X11; Ubuntu; Linux x86_64; rv:70.0) Gecko/20100101 Firefox/70.0"
::1 - - [30/Sep/2019:20:59:04 +0200] "PUT /user/add/paul.piotr@gmail.com/123 HTTP/1.1" 500 79933 "-" "Mozilla/5.0 (X11; Ubuntu; Linux x86_64; rv:70.0) Gecko/20100101 Firefox/70.0"
::1 - - [30/Sep/2019:20:59:38 +0200] "PUT /user/add/paul.piotr@gmail.com/123 HTTP/1.1" 200 760 "-" "Mozilla/5.0 (X11; Ubuntu; Linux x86_64; rv:70.0) Gecko/20100101 Firefox/70.0"
::1 - - [30/Sep/2019:20:59:54 +0200] "PUT /user/add/paul.piotr@gmail.com/123 HTTP/1.1" 200 761 "-" "Mozilla/5.0 (X11; Ubuntu; Linux x86_64; rv:70.0) Gecko/20100101 Firefox/70.0"
::1 - - [30/Sep/2019:20:59:56 +0200] "PUT /user/add/paul.piotr@gmail.com/123 HTTP/1.1" 200 759 "-" "Mozilla/5.0 (X11; Ubuntu; Linux x86_64; rv:70.0) Gecko/20100101 Firefox/70.0"
::1 - - [30/Sep/2019:20:59:58 +0200] "PUT /user/add/paul.piotr@gmail.com/123 HTTP/1.1" 200 760 "-" "Mozilla/5.0 (X11; Ubuntu; Linux x86_64; rv:70.0) Gecko/20100101 Firefox/70.0"
::1 - - [30/Sep/2019:20:59:59 +0200] "PUT /user/add/paul.piotr@gmail.com/123 HTTP/1.1" 200 759 "-" "Mozilla/5.0 (X11; Ubuntu; Linux x86_64; rv:70.0) Gecko/20100101 Firefox/70.0"
::1 - - [30/Sep/2019:21:00:58 +0200] "PUT /user/add/paul.piotr@gmail.com/123 HTTP/1.1" 200 224 "-" "Mozilla/5.0 (X11; Ubuntu; Linux x86_64; rv:70.0) Gecko/20100101 Firefox/70.0"
::1 - - [30/Sep/2019:21:01:09 +0200] "PUT /user/add/paul.piotr@gmail.com/123 HTTP/1.1" 200 759 "-" "Mozilla/5.0 (X11; Ubuntu; Linux x86_64; rv:70.0) Gecko/20100101 Firefox/70.0"
::1 - - [30/Sep/2019:21:01:17 +0200] "PUT /login/add/paul.piotr@gmail.com/123 HTTP/1.1" 404 189362 "-" "Mozilla/5.0 (X11; Ubuntu; Linux x86_64; rv:70.0) Gecko/20100101 Firefox/70.0"
::1 - - [30/Sep/2019:21:01:52 +0200] "PUT /user/login/paul.piotr@gmail.com/123 HTTP/1.1" 401 322 "-" "Mozilla/5.0 (X11; Ubuntu; Linux x86_64; rv:70.0) Gecko/20100101 Firefox/70.0"
::1 - - [30/Sep/2019:21:02:31 +0200] "PUT /user/login/paul.piotr@gmail.com/123 HTTP/1.1" 200 224 "-" "Mozilla/5.0 (X11; Ubuntu; Linux x86_64; rv:70.0) Gecko/20100101 Firefox/70.0"
::1 - - [30/Sep/2019:21:02:53 +0200] "PUT /user/login/paul.piotr@gmail.com/123 HTTP/1.1" 401 322 "-" "Mozilla/5.0 (X11; Ubuntu; Linux x86_64; rv:70.0) Gecko/20100101 Firefox/70.0"
::1 - - [30/Sep/2019:21:03:21 +0200] "PUT /user/login/paul.piotr@gmail.com/123/ HTTP/1.1" 404 189374 "-" "Mozilla/5.0 (X11; Ubuntu; Linux x86_64; rv:70.0) Gecko/20100101 Firefox/70.0"
::1 - - [30/Sep/2019:21:03:25 +0200] "PUT /user/login/paul.piotr@gmail.com/123 HTTP/1.1" 401 321 "-" "Mozilla/5.0 (X11; Ubuntu; Linux x86_64; rv:70.0) Gecko/20100101 Firefox/70.0"
::1 - - [30/Sep/2019:21:03:41 +0200] "PUT /user/login/paul.piotr@gmail.com/123 HTTP/1.1" 401 324 "-" "Mozilla/5.0 (X11; Ubuntu; Linux x86_64; rv:70.0) Gecko/20100101 Firefox/70.0"
::1 - - [30/Sep/2019:21:04:04 +0200] "PUT /user/login/paul.piotr@wp.pl/123 HTTP/1.1" 200 276 "-" "Mozilla/5.0 (X11; Ubuntu; Linux x86_64; rv:70.0) Gecko/20100101 Firefox/70.0"
::1 - - [30/Sep/2019:21:04:57 +0200] "PUT /user/login/paul.piotr@wp.pl/123 HTTP/1.1" 200 276 "-" "Mozilla/5.0 (X11; Ubuntu; Linux x86_64; rv:70.0) Gecko/20100101 Firefox/70.0"
::1 - - [30/Sep/2019:21:05:37 +0200] "PUT /user/login/paul.piotr@wp.pl/123 HTTP/1.1" 200 307 "-" "Mozilla/5.0 (X11; Ubuntu; Linux x86_64; rv:70.0) Gecko/20100101 Firefox/70.0"
::1 - - [30/Sep/2019:21:05:57 +0200] "PUT /user/add/paul.piotr@wp.pl/123 HTTP/1.1" 200 745 "-" "Mozilla/5.0 (X11; Ubuntu; Linux x86_64; rv:70.0) Gecko/20100101 Firefox/70.0"
::1 - - [30/Sep/2019:21:09:17 +0200] "PUT /user/add/paul.piotr@wp.pl/123 HTTP/1.1" 200 748 "-" "Mozilla/5.0 (X11; Ubuntu; Linux x86_64; rv:70.0) Gecko/20100101 Firefox/70.0"
::1 - - [30/Sep/2019:21:10:38 +0200] "PUT /user/add/paul.piotr@wp.pl/123 HTTP/1.1" 200 203 "-" "Mozilla/5.0 (X11; Ubuntu; Linux x86_64; rv:70.0) Gecko/20100101 Firefox/70.0"
::1 - - [30/Sep/2019:21:11:06 +0200] "PUT /user/add/paul.piotr@wp.pl/123 HTTP/1.1" 200 203 "-" "Mozilla/5.0 (X11; Ubuntu; Linux x86_64; rv:70.0) Gecko/20100101 Firefox/70.0"
::1 - - [30/Sep/2019:21:11:30 +0200] "PUT /user/add/paul.piotr@wp.pl/123 HTTP/1.1" 200 410 "-" "Mozilla/5.0 (X11; Ubuntu; Linux x86_64; rv:70.0) Gecko/20100101 Firefox/70.0"
::1 - - [30/Sep/2019:21:12:13 +0200] "PUT /user/add/paul.piotr@wp.pl/1234 HTTP/1.1" 401 331 "-" "Mozilla/5.0 (X11; Ubuntu; Linux x86_64; rv:70.0) Gecko/20100101 Firefox/70.0"
::1 - - [30/Sep/2019:21:15:23 +0200] "PUT /user/add/paul.piotr@wp.pl/1234 HTTP/1.1" 404 189338 "-" "Mozilla/5.0 (X11; Ubuntu; Linux x86_64; rv:70.0) Gecko/20100101 Firefox/70.0"
::1 - - [30/Sep/2019:21:15:58 +0200] "PUT /user/add/paul.piotr@wp.pl/1234 HTTP/1.1" 401 331 "-" "Mozilla/5.0 (X11; Ubuntu; Linux x86_64; rv:70.0) Gecko/20100101 Firefox/70.0"
::1 - - [30/Sep/2019:21:16:07 +0200] "PUT /user/add/paul.piotr@wp.pl/123 HTTP/1.1" 200 410 "-" "Mozilla/5.0 (X11; Ubuntu; Linux x86_64; rv:70.0) Gecko/20100101 Firefox/70.0"
::1 - - [30/Sep/2019:21:16:43 +0200] "PUT /user/add/paul.piotr@wp.pl/123 HTTP/1.1" 200 420 "-" "Mozilla/5.0 (X11; Ubuntu; Linux x86_64; rv:70.0) Gecko/20100101 Firefox/70.0"
::1 - - [30/Sep/2019:21:16:53 +0200] "PUT /user/add/paul.piotr@wp.pl/123 HTTP/1.1" 200 418 "-" "Mozilla/5.0 (X11; Ubuntu; Linux x86_64; rv:70.0) Gecko/20100101 Firefox/70.0"
::1 - - [30/Sep/2019:21:17:17 +0200] "PUT /user/add/paul.piotr@wp.pl/123 HTTP/1.1" 200 451 "-" "Mozilla/5.0 (X11; Ubuntu; Linux x86_64; rv:70.0) Gecko/20100101 Firefox/70.0"
::1 - - [30/Sep/2019:21:17:45 +0200] "PUT /user/add/paul.piotr@wp.pl/123 HTTP/1.1" 200 431 "-" "Mozilla/5.0 (X11; Ubuntu; Linux x86_64; rv:70.0) Gecko/20100101 Firefox/70.0"
::1 - - [30/Sep/2019:21:24:37 +0200] "PUT /user/add/paul.piotr@wp.pl/123 HTTP/1.1" 200 431 "-" "Mozilla/5.0 (X11; Ubuntu; Linux x86_64; rv:70.0) Gecko/20100101 Firefox/70.0"
::1 - - [30/Sep/2019:21:24:58 +0200] "PUT /user/add/paul.piotr@wp.pl/123 HTTP/1.1" 200 431 "-" "Mozilla/5.0 (X11; Ubuntu; Linux x86_64; rv:70.0) Gecko/20100101 Firefox/70.0"
::1 - - [30/Sep/2019:21:25:25 +0200] "PUT /user/add/paul.piotr@wp.pl/123 HTTP/1.1" 200 431 "-" "Mozilla/5.0 (X11; Ubuntu; Linux x86_64; rv:70.0) Gecko/20100101 Firefox/70.0"
::1 - - [30/Sep/2019:21:35:19 +0200] "PUT /user/add/paul.piotr@wp.pl/123 HTTP/1.1" 200 431 "-" "Mozilla/5.0 (X11; Ubuntu; Linux x86_64; rv:70.0) Gecko/20100101 Firefox/70.0"
::1 - - [30/Sep/2019:21:35:28 +0200] "PUT /user/add/paul.piotr@wp.pl/123 HTTP/1.1" 200 431 "-" "Mozilla/5.0 (X11; Ubuntu; Linux x86_64; rv:70.0) Gecko/20100101 Firefox/70.0"
::1 - - [30/Sep/2019:21:36:32 +0200] "DELETE /user/delete/paul.piotr@wp.pl/1234 HTTP/1.1" 404 189365 "-" "Mozilla/5.0 (X11; Ubuntu; Linux x86_64; rv:70.0) Gecko/20100101 Firefox/70.0"
::1 - - [30/Sep/2019:21:37:12 +0200] "DELETE /user/delete/3/paul.piotr@wp.pl/1234 HTTP/1.1" 401 331 "-" "Mozilla/5.0 (X11; Ubuntu; Linux x86_64; rv:70.0) Gecko/20100101 Firefox/70.0"
::1 - - [30/Sep/2019:21:37:36 +0200] "DELETE /user/add/paul.piotr2@wp.pl/1234 HTTP/1.1" 401 331 "-" "Mozilla/5.0 (X11; Ubuntu; Linux x86_64; rv:70.0) Gecko/20100101 Firefox/70.0"
::1 - - [30/Sep/2019:21:38:03 +0200] "DELETE /user/add/paul.piotr@wp.pl/123 HTTP/1.1" 200 300 "-" "Mozilla/5.0 (X11; Ubuntu; Linux x86_64; rv:70.0) Gecko/20100101 Firefox/70.0"
::1 - - [30/Sep/2019:21:38:12 +0200] "DELETE /user/add/paul.piotr@wp.pl/123 HTTP/1.1" 200 433 "-" "Mozilla/5.0 (X11; Ubuntu; Linux x86_64; rv:70.0) Gecko/20100101 Firefox/70.0"
::1 - - [30/Sep/2019:21:38:57 +0200] "DELETE /user/delete/3/paul.piotr@wp.pl/123 HTTP/1.1" 200 433 "-" "Mozilla/5.0 (X11; Ubuntu; Linux x86_64; rv:70.0) Gecko/20100101 Firefox/70.0"
::1 - - [30/Sep/2019:21:47:06 +0200] "DELETE /user/delete/3/paul.piotr@wp.pl/123 HTTP/1.1" 405 313 "-" "Mozilla/5.0 (X11; Ubuntu; Linux x86_64; rv:70.0) Gecko/20100101 Firefox/70.0"
::1 - - [30/Sep/2019:21:47:52 +0200] "DELETE /user/delete/3/paul.piotr@wp.pl/123 HTTP/1.1" 404 304 "-" "Mozilla/5.0 (X11; Ubuntu; Linux x86_64; rv:70.0) Gecko/20100101 Firefox/70.0"
::1 - - [30/Sep/2019:21:52:56 +0200] "GET /user/add/paul.piotr@wp.pl/123 HTTP/1.1" 200 315 "-" "Mozilla/5.0 (X11; Ubuntu; Linux x86_64; rv:70.0) Gecko/20100101 Firefox/70.0"
::1 - - [30/Sep/2019:21:53:17 +0200] "PUT /user/add/paul.piotr@wp.pl/123 HTTP/1.1" 200 433 "-" "Mozilla/5.0 (X11; Ubuntu; Linux x86_64; rv:70.0) Gecko/20100101 Firefox/70.0"
::1 - - [30/Sep/2019:21:53:23 +0200] "DELETE /user/delete/3/paul.piotr@wp.pl/123 HTTP/1.1" 404 304 "-" "Mozilla/5.0 (X11; Ubuntu; Linux x86_64; rv:70.0) Gecko/20100101 Firefox/70.0"
::1 - - [30/Sep/2019:21:54:44 +0200] "DELETE /user/delete/3/paul.piotr@wp.pl/123 HTTP/1.1" 404 304 "-" "Mozilla/5.0 (X11; Ubuntu; Linux x86_64; rv:70.0) Gecko/20100101 Firefox/70.0"
::1 - - [30/Sep/2019:21:55:19 +0200] "PUT /user/add/paul.piotr@wp.pl/123 HTTP/1.1" 200 300 "-" "Mozilla/5.0 (X11; Ubuntu; Linux x86_64; rv:70.0) Gecko/20100101 Firefox/70.0"
::1 - - [30/Sep/2019:21:55:43 +0200] "DELETE /user/delete/4/paul.piotr@wp.pl/123 HTTP/1.1" 404 304 "-" "Mozilla/5.0 (X11; Ubuntu; Linux x86_64; rv:70.0) Gecko/20100101 Firefox/70.0"
::1 - - [30/Sep/2019:22:00:25 +0200] "PUT /user/add/paul.piotr@wp.pl/123 HTTP/1.1" 200 301 "-" "Mozilla/5.0 (X11; Ubuntu; Linux x86_64; rv:70.0) Gecko/20100101 Firefox/70.0"
::1 - - [30/Sep/2019:22:07:22 +0200] "GET /user/login/paul.piotr@wp.pl/123 HTTP/1.1" 200 298 "-" "Mozilla/5.0 (X11; Ubuntu; Linux x86_64; rv:70.0) Gecko/20100101 Firefox/70.0"
::1 - - [30/Sep/2019:22:07:26 +0200] "GET /user/login/paul.piotr@wp.pl/123 HTTP/1.1" 200 297 "-" "Mozilla/5.0 (X11; Ubuntu; Linux x86_64; rv:70.0) Gecko/20100101 Firefox/70.0"
::1 - - [30/Sep/2019:22:08:00 +0200] "DELETE /user/delete/4/paul.piotr@wp.pl/123 HTTP/1.1" 200 297 "-" "Mozilla/5.0 (X11; Ubuntu; Linux x86_64; rv:70.0) Gecko/20100101 Firefox/70.0"
::1 - - [30/Sep/2019:22:08:15 +0200] "PUT /user/add/paul.piotr@wp.pl/123 HTTP/1.1" 200 391 "-" "Mozilla/5.0 (X11; Ubuntu; Linux x86_64; rv:70.0) Gecko/20100101 Firefox/70.0"
::1 - - [30/Sep/2019:22:08:32 +0200] "DELETE /user/delete/5/paul.piotr@wp.pl/123 HTTP/1.1" 200 296 "-" "Mozilla/5.0 (X11; Ubuntu; Linux x86_64; rv:70.0) Gecko/20100101 Firefox/70.0"
::1 - - [30/Sep/2019:22:12:51 +0200] "DELETE /user/delete/5/paul.piotr@wp.pl/123 HTTP/1.1" 200 297 "-" "Mozilla/5.0 (X11; Ubuntu; Linux x86_64; rv:70.0) Gecko/20100101 Firefox/70.0"
